[    0.000000] Linux version 4.15.0-66-generic (buildd@lgw01-amd64-044) (gcc version 7.4.0 (Ubuntu 7.4.0-1ubuntu1~18.04.1)) #75-Ubuntu SMP Tue Oct 1 05:24:09 UTC 2019 (Ubuntu 4.15.0-66.75-generic 4.15.18)
[    0.000000] Command line: BOOT_IMAGE=/boot/vmlinuz-4.15.0-66-generic root=LABEL=cloudimg-rootfs ro console=tty1 console=ttyS0
[    0.000000] KERNEL supported cpus:
[    0.000000]   Intel GenuineIntel
[    0.000000]   AMD AuthenticAMD
[    0.000000]   Centaur CentaurHauls
[    0.000000] x86/fpu: Supporting XSAVE feature 0x001: 'x87 floating point registers'
[    0.000000] x86/fpu: Supporting XSAVE feature 0x002: 'SSE registers'
[    0.000000] x86/fpu: Supporting XSAVE feature 0x004: 'AVX registers'
[    0.000000] x86/fpu: xstate_offset[2]:  576, xstate_sizes[2]:  256
[    0.000000] x86/fpu: Enabled xstate features 0x7, context size is 832 bytes, using 'standard' format.
[    0.000000] e820: BIOS-provided physical RAM map:
[    0.000000] BIOS-e820: [mem 0x0000000000000000-0x000000000009fbff] usable
[    0.000000] BIOS-e820: [mem 0x000000000009fc00-0x000000000009ffff] reserved
[    0.000000] BIOS-e820: [mem 0x00000000000f0000-0x00000000000fffff] reserved
[    0.000000] BIOS-e820: [mem 0x0000000000100000-0x000000007ffeffff] usable
[    0.000000] BIOS-e820: [mem 0x000000007fff0000-0x000000007fffffff] ACPI data
[    0.000000] BIOS-e820: [mem 0x00000000fec00000-0x00000000fec00fff] reserved
[    0.000000] BIOS-e820: [mem 0x00000000fee00000-0x00000000fee00fff] reserved
[    0.000000] BIOS-e820: [mem 0x00000000fffc0000-0x00000000ffffffff] reserved
[    0.000000] NX (Execute Disable) protection: active
[    0.000000] SMBIOS 2.5 present.
[    0.000000] DMI: innotek GmbH VirtualBox/VirtualBox, BIOS VirtualBox 12/01/2006
[    0.000000] Hypervisor detected: KVM
[    0.000000] e820: last_pfn = 0x7fff0 max_arch_pfn = 0x400000000
[    0.000000] MTRR: Disabled
[    0.000000] x86/PAT: MTRRs disabled, skipping PAT initialization too.
[    0.000000] CPU MTRRs all blank - virtualized system.
[    0.000000] x86/PAT: Configuration [0-7]: WB  WT  UC- UC  WB  WT  UC- UC  
[    0.000000] found SMP MP-table at [mem 0x0009fff0-0x0009ffff]
[    0.000000] Scanning 1 areas for low memory corruption
[    0.000000] RAMDISK: [mem 0x35a8b000-0x36d3cfff]
[    0.000000] ACPI: Early table checksum verification disabled
[    0.000000] ACPI: RSDP 0x00000000000E0000 000024 (v02 VBOX  )
[    0.000000] ACPI: XSDT 0x000000007FFF0030 00003C (v01 VBOX   VBOXXSDT 00000001 ASL  00000061)
[    0.000000] ACPI: FACP 0x000000007FFF00F0 0000F4 (v04 VBOX   VBOXFACP 00000001 ASL  00000061)
[    0.000000] ACPI: DSDT 0x000000007FFF0470 0022EA (v02 VBOX   VBOXBIOS 00000002 INTL 20100528)
[    0.000000] ACPI: FACS 0x000000007FFF0200 000040
[    0.000000] ACPI: FACS 0x000000007FFF0200 000040
[    0.000000] ACPI: APIC 0x000000007FFF0240 00005C (v02 VBOX   VBOXAPIC 00000001 ASL  00000061)
[    0.000000] ACPI: SSDT 0x000000007FFF02A0 0001CC (v01 VBOX   VBOXCPUT 00000002 INTL 20100528)
[    0.000000] No NUMA configuration found
[    0.000000] Faking a node at [mem 0x0000000000000000-0x000000007ffeffff]
[    0.000000] NODE_DATA(0) allocated [mem 0x7ffc5000-0x7ffeffff]
[    0.000000] kvm-clock: cpu 0, msr 0:7ff44001, primary cpu clock
[    0.000000] kvm-clock: Using msrs 4b564d01 and 4b564d00
[    0.000000] kvm-clock: using sched offset of 3412636860 cycles
[    0.000000] clocksource: kvm-clock: mask: 0xffffffffffffffff max_cycles: 0x1cd42e4dffb, max_idle_ns: 881590591483 ns
[    0.000000] Zone ranges:
[    0.000000]   DMA      [mem 0x0000000000001000-0x0000000000ffffff]
[    0.000000]   DMA32    [mem 0x0000000001000000-0x000000007ffeffff]
[    0.000000]   Normal   empty
[    0.000000]   Device   empty
[    0.000000] Movable zone start for each node
[    0.000000] Early memory node ranges
[    0.000000]   node   0: [mem 0x0000000000001000-0x000000000009efff]
[    0.000000]   node   0: [mem 0x0000000000100000-0x000000007ffeffff]
[    0.000000] Reserved but unavailable: 98 pages
[    0.000000] Initmem setup node 0 [mem 0x0000000000001000-0x000000007ffeffff]
[    0.000000] ACPI: PM-Timer IO Port: 0x4008
[    0.000000] IOAPIC[0]: apic_id 2, version 32, address 0xfec00000, GSI 0-23
[    0.000000] ACPI: INT_SRC_OVR (bus 0 bus_irq 0 global_irq 2 dfl dfl)
[    0.000000] ACPI: INT_SRC_OVR (bus 0 bus_irq 9 global_irq 9 low level)
[    0.000000] Using ACPI (MADT) for SMP configuration information
[    0.000000] smpboot: Allowing 2 CPUs, 0 hotplug CPUs
[    0.000000] PM: Registered nosave memory: [mem 0x00000000-0x00000fff]
[    0.000000] PM: Registered nosave memory: [mem 0x0009f000-0x0009ffff]
[    0.000000] PM: Registered nosave memory: [mem 0x000a0000-0x000effff]
[    0.000000] PM: Registered nosave memory: [mem 0x000f0000-0x000fffff]
[    0.000000] e820: [mem 0x80000000-0xfebfffff] available for PCI devices
[    0.000000] Booting paravirtualized kernel on KVM
[    0.000000] clocksource: refined-jiffies: mask: 0xffffffff max_cycles: 0xffffffff, max_idle_ns: 7645519600211568 ns
[    0.000000] random: get_random_bytes called from start_kernel+0x99/0x4fd with crng_init=0
[    0.000000] setup_percpu: NR_CPUS:8192 nr_cpumask_bits:2 nr_cpu_ids:2 nr_node_ids:1
[    0.000000] percpu: Embedded 46 pages/cpu s151552 r8192 d28672 u1048576
[    0.000000] PV qspinlock hash table entries: 256 (order: 0, 4096 bytes)
[    0.000000] Built 1 zonelists, mobility grouping on.  Total pages: 515961
[    0.000000] Policy zone: DMA32
[    0.000000] Kernel command line: BOOT_IMAGE=/boot/vmlinuz-4.15.0-66-generic root=LABEL=cloudimg-rootfs ro console=tty1 console=ttyS0
[    0.000000] Memory: 2015628K/2096696K available (12300K kernel code, 2481K rwdata, 4260K rodata, 2436K init, 2388K bss, 81068K reserved, 0K cma-reserved)
[    0.000000] SLUB: HWalign=64, Order=0-3, MinObjects=0, CPUs=2, Nodes=1
[    0.000000] Kernel/User page tables isolation: enabled
[    0.000000] ftrace: allocating 39306 entries in 154 pages
[    0.004000] Hierarchical RCU implementation.
[    0.004000] 	RCU restricting CPUs from NR_CPUS=8192 to nr_cpu_ids=2.
[    0.004000] 	Tasks RCU enabled.
[    0.004000] RCU: Adjusting geometry for rcu_fanout_leaf=16, nr_cpu_ids=2
[    0.004000] NR_IRQS: 524544, nr_irqs: 440, preallocated irqs: 16
[    0.004000] Console: colour VGA+ 80x25
[    0.004000] console [tty1] enabled
[    0.004000] console [ttyS0] enabled
[    0.004000] ACPI: Core revision 20170831
[    0.004000] ACPI: 2 ACPI AML tables successfully acquired and loaded
[    0.004000] APIC: Switch to symmetric I/O mode setup
[    0.004000] x2apic enabled
[    0.004000] Switched APIC routing to physical x2apic.
[    0.004000] ..TIMER: vector=0x30 apic1=0 pin1=2 apic2=-1 pin2=-1
[    0.004003] tsc: Detected 2903.998 MHz processor
[    0.004801] Calibrating delay loop (skipped) preset value.. 5807.99 BogoMIPS (lpj=11615992)
[    0.005423] pid_max: default: 32768 minimum: 301
[    0.006240] Security Framework initialized
[    0.008002] Yama: becoming mindful.
[    0.008644] AppArmor: AppArmor initialized
[    0.010779] Dentry cache hash table entries: 262144 (order: 9, 2097152 bytes)
[    0.013217] Inode-cache hash table entries: 131072 (order: 8, 1048576 bytes)
[    0.014406] Mount-cache hash table entries: 4096 (order: 3, 32768 bytes)
[    0.015532] Mountpoint-cache hash table entries: 4096 (order: 3, 32768 bytes)
[    0.016217] Last level iTLB entries: 4KB 64, 2MB 8, 4MB 8
[    0.017141] Last level dTLB entries: 4KB 64, 2MB 0, 4MB 0, 1GB 4
[    0.018183] Spectre V1 : Mitigation: usercopy/swapgs barriers and __user pointer sanitization
[    0.020002] Spectre V2 : Mitigation: Full generic retpoline
[    0.020949] Spectre V2 : Spectre v2 / SpectreRSB mitigation: Filling RSB on context switch
[    0.022341] Speculative Store Bypass: Vulnerable
[    0.023153] MDS: Mitigation: Clear CPU buffers
[    0.024284] Freeing SMP alternatives memory: 36K
[    0.134805] smpboot: CPU0: Intel(R) Core(TM) i7-7820HQ CPU @ 2.90GHz (family: 0x6, model: 0x9e, stepping: 0x9)
[    0.136000] Performance Events: unsupported p6 CPU model 158 no PMU driver, software events only.
[    0.136026] Hierarchical SRCU implementation.
[    0.137282] NMI watchdog: Perf event create on CPU 0 failed with -2
[    0.138339] NMI watchdog: Perf NMI watchdog permanently disabled
[    0.139428] smp: Bringing up secondary CPUs ...
[    0.140063] x86: Booting SMP configuration:
[    0.141025] .... node  #0, CPUs:      #1
[    0.004000] kvm-clock: cpu 1, msr 0:7ff44041, secondary cpu clock
[    0.146273] smp: Brought up 1 node, 2 CPUs
[    0.146273] smpboot: Max logical packages: 1
[    0.148004] smpboot: Total of 2 processors activated (11615.99 BogoMIPS)
[    0.149347] devtmpfs: initialized
[    0.149347] x86/mm: Memory block size: 128MB
[    0.149585] evm: security.selinux
[    0.152003] evm: security.SMACK64
[    0.152866] evm: security.SMACK64EXEC
[    0.153559] evm: security.SMACK64TRANSMUTE
[    0.154881] evm: security.SMACK64MMAP
[    0.155557] evm: security.apparmor
[    0.156002] evm: security.ima
[    0.156573] evm: security.capability
[    0.157265] clocksource: jiffies: mask: 0xffffffff max_cycles: 0xffffffff, max_idle_ns: 7645041785100000 ns
[    0.157749] futex hash table entries: 512 (order: 3, 32768 bytes)
[    0.160060] pinctrl core: initialized pinctrl subsystem
[    0.161057] RTC time: 15:04:05, date: 11/09/19
[    0.162031] NET: Registered protocol family 16
[    0.164056] audit: initializing netlink subsys (disabled)
[    0.165026] audit: type=2000 audit(1573311850.185:1): state=initialized audit_enabled=0 res=1
[    0.165026] cpuidle: using governor ladder
[    0.165026] cpuidle: using governor menu
[    0.168051] ACPI: bus type PCI registered
[    0.169006] acpiphp: ACPI Hot Plug PCI Controller Driver version: 0.5
[    0.170209] PCI: Using configuration type 1 for base access
[    0.173286] HugeTLB registered 2.00 MiB page size, pre-allocated 0 pages
[    0.176073] ACPI: Added _OSI(Module Device)
[    0.177058] ACPI: Added _OSI(Processor Device)
[    0.177826] ACPI: Added _OSI(3.0 _SCP Extensions)
[    0.178652] ACPI: Added _OSI(Processor Aggregator Device)
[    0.179566] ACPI: Added _OSI(Linux-Dell-Video)
[    0.180006] ACPI: Added _OSI(Linux-Lenovo-NV-HDMI-Audio)
[    0.180913] ACPI: Added _OSI(Linux-HPI-Hybrid-Graphics)
[    0.182128] ACPI: Executed 1 blocks of module-level executable AML code
[    0.186237] ACPI: Interpreter enabled
[    0.187087] ACPI: (supports S0 S5)
[    0.188002] ACPI: Using IOAPIC for interrupt routing
[    0.189029] PCI: Using host bridge windows from ACPI; if necessary, use "pci=nocrs" and report a bug
[    0.190850] ACPI: Enabled 2 GPEs in block 00 to 07
[    0.197813] ACPI: PCI Root Bridge [PCI0] (domain 0000 [bus 00-ff])
[    0.199418] acpi PNP0A03:00: _OSC: OS supports [ASPM ClockPM Segments MSI]
[    0.200366] acpi PNP0A03:00: _OSC: not requesting OS control; OS requires [ExtendedConfig ASPM ClockPM MSI]
[    0.201964] acpi PNP0A03:00: fail to add MMCONFIG information, can't access extended PCI configuration space under this bridge.
[    0.204415] PCI host bridge to bus 0000:00
[    0.205162] pci_bus 0000:00: root bus resource [io  0x0000-0x0cf7 window]
[    0.206320] pci_bus 0000:00: root bus resource [io  0x0d00-0xffff window]
[    0.208002] pci_bus 0000:00: root bus resource [mem 0x000a0000-0x000bffff window]
[    0.209287] pci_bus 0000:00: root bus resource [mem 0x80000000-0xfdffffff window]
[    0.212005] pci_bus 0000:00: root bus resource [bus 00-ff]
[    0.216128] pci 0000:00:01.1: legacy IDE quirk: reg 0x10: [io  0x01f0-0x01f7]
[    0.217539] pci 0000:00:01.1: legacy IDE quirk: reg 0x14: [io  0x03f6]
[    0.218785] pci 0000:00:01.1: legacy IDE quirk: reg 0x18: [io  0x0170-0x0177]
[    0.220003] pci 0000:00:01.1: legacy IDE quirk: reg 0x1c: [io  0x0376]
[    0.239685] pci 0000:00:07.0: quirk: [io  0x4000-0x403f] claimed by PIIX4 ACPI
[    0.240017] pci 0000:00:07.0: quirk: [io  0x4100-0x410f] claimed by PIIX4 SMB
[    0.249390] ACPI: PCI Interrupt Link [LNKA] (IRQs 5 9 10 *11)
[    0.251113] ACPI: PCI Interrupt Link [LNKB] (IRQs 5 9 *10 11)
[    0.252116] ACPI: PCI Interrupt Link [LNKC] (IRQs 5 *9 10 11)
[    0.253316] ACPI: PCI Interrupt Link [LNKD] (IRQs 5 9 10 *11)
[    0.256194] SCSI subsystem initialized
[    0.256908] pci 0000:00:02.0: vgaarb: setting as boot VGA device
[    0.257078] pci 0000:00:02.0: vgaarb: VGA device added: decodes=io+mem,owns=io+mem,locks=none
[    0.260010] pci 0000:00:02.0: vgaarb: bridge control possible
[    0.260984] vgaarb: loaded
[    0.261508] ACPI: bus type USB registered
[    0.262228] usbcore: registered new interface driver usbfs
[    0.263210] usbcore: registered new interface driver hub
[    0.264019] usbcore: registered new device driver usb
[    0.264939] EDAC MC: Ver: 3.0.0
[    0.264939] PCI: Using ACPI for IRQ routing
[    0.265041] NetLabel: Initializing
[    0.268006] NetLabel:  domain hash size = 128
[    0.269275] NetLabel:  protocols = UNLABELED CIPSOv4 CALIPSO
[    0.270275] NetLabel:  unlabeled traffic allowed by default
[    0.271271] clocksource: Switched to clocksource kvm-clock
[    0.280561] VFS: Disk quotas dquot_6.6.0
[    0.281596] VFS: Dquot-cache hash table entries: 512 (order 0, 4096 bytes)
[    0.283062] AppArmor: AppArmor Filesystem Enabled
[    0.283933] pnp: PnP ACPI init
[    0.285728] pnp: PnP ACPI: found 3 devices
[    0.294444] clocksource: acpi_pm: mask: 0xffffff max_cycles: 0xffffff, max_idle_ns: 2085701024 ns
[    0.296418] NET: Registered protocol family 2
[    0.297363] TCP established hash table entries: 16384 (order: 5, 131072 bytes)
[    0.299432] TCP bind hash table entries: 16384 (order: 6, 262144 bytes)
[    0.300676] TCP: Hash tables configured (established 16384 bind 16384)
[    0.303424] UDP hash table entries: 1024 (order: 3, 32768 bytes)
[    0.305466] UDP-Lite hash table entries: 1024 (order: 3, 32768 bytes)
[    0.306881] NET: Registered protocol family 1
[    0.307672] pci 0000:00:00.0: Limiting direct PCI/PCI transfers
[    0.308848] pci 0000:00:01.0: Activating ISA DMA hang workarounds
[    0.309955] pci 0000:00:02.0: Video device with shadowed ROM at [mem 0x000c0000-0x000dffff]
[    0.311494] Unpacking initramfs...
[    0.551773] Freeing initrd memory: 19144K
[    0.553202] clocksource: tsc: mask: 0xffffffffffffffff max_cycles: 0x29dc03c1beb, max_idle_ns: 440795205215 ns
[    0.555221] platform rtc_cmos: registered platform RTC device (no PNP device found)
[    0.556978] Scanning for low memory corruption every 60 seconds
[    0.558570] Initialise system trusted keyrings
[    0.559360] Key type blacklist registered
[    0.560241] workingset: timestamp_bits=36 max_order=19 bucket_order=0
[    0.562146] zbud: loaded
[    0.563166] squashfs: version 4.0 (2009/01/31) Phillip Lougher
[    0.564561] fuse init (API version 7.26)
[    0.568532] Key type asymmetric registered
[    0.569900] Asymmetric key parser 'x509' registered
[    0.570838] Block layer SCSI generic (bsg) driver version 0.4 loaded (major 246)
[    0.572268] io scheduler noop registered
[    0.573193] io scheduler deadline registered
[    0.573970] io scheduler cfq registered (default)
[    0.575208] ACPI: AC Adapter [AC] (on-line)
[    0.576484] input: Power Button as /devices/LNXSYSTM:00/LNXPWRBN:00/input/input0
[    0.578385] ACPI: Power Button [PWRF]
[    0.579117] input: Sleep Button as /devices/LNXSYSTM:00/LNXSLPBN:00/input/input1
[    0.580490] ACPI: Sleep Button [SLPF]
[    0.582316] ACPI: Battery Slot [BAT0] (battery present)
[    0.583666] Serial: 8250/16550 driver, 32 ports, IRQ sharing enabled
[    0.606525] 00:02: ttyS0 at I/O 0x3f8 (irq = 4, base_baud = 115200) is a 16550A
[    0.611575] Linux agpgart interface v0.103
[    0.614238] loop: module loaded
[    0.615694] scsi host0: ata_piix
[    0.616446] scsi host1: ata_piix
[    0.617072] ata1: PATA max UDMA/33 cmd 0x1f0 ctl 0x3f6 bmdma 0xd000 irq 14
[    0.618260] ata2: PATA max UDMA/33 cmd 0x170 ctl 0x376 bmdma 0xd008 irq 15
[    0.619871] libphy: Fixed MDIO Bus: probed
[    0.620846] tun: Universal TUN/TAP device driver, 1.6
[    0.622301] PPP generic driver version 2.4.2
[    0.623388] ehci_hcd: USB 2.0 'Enhanced' Host Controller (EHCI) Driver
[    0.624666] ehci-pci: EHCI PCI platform driver
[    0.625504] ehci-platform: EHCI generic platform driver
[    0.626408] ohci_hcd: USB 1.1 'Open' Host Controller (OHCI) Driver
[    0.627455] ohci-pci: OHCI PCI platform driver
[    0.628298] ohci-platform: OHCI generic platform driver
[    0.629235] uhci_hcd: USB Universal Host Controller Interface driver
[    0.630417] i8042: PNP: PS/2 Controller [PNP0303:PS2K,PNP0f03:PS2M] at 0x60,0x64 irq 1,12
[    0.632338] serio: i8042 KBD port at 0x60,0x64 irq 1
[    0.633358] serio: i8042 AUX port at 0x60,0x64 irq 12
[    0.635119] mousedev: PS/2 mouse device common for all mice
[    0.636619] input: AT Translated Set 2 keyboard as /devices/platform/i8042/serio0/input/input2
[    0.638596] rtc_cmos rtc_cmos: rtc core: registered rtc_cmos as rtc0
[    0.639744] rtc_cmos rtc_cmos: alarms up to one day, 114 bytes nvram
[    0.640881] i2c /dev entries driver
[    0.641540] device-mapper: uevent: version 1.0.3
[    0.642463] device-mapper: ioctl: 4.37.0-ioctl (2017-09-20) initialised: dm-devel@redhat.com
[    0.644016] ledtrig-cpu: registered to indicate activity on CPUs
[    0.646016] NET: Registered protocol family 10
[    0.649955] Segment Routing with IPv6
[    0.650950] NET: Registered protocol family 17
[    0.651906] Key type dns_resolver registered
[    0.653048] mce: Using 0 MCE banks
[    0.653684] RAS: Correctable Errors collector initialized.
[    0.654645] sched_clock: Marking stable (653027332, 0)->(825040330, -172012998)
[    0.656358] registered taskstats version 1
[    0.657114] Loading compiled-in X.509 certificates
[    0.659840] Loaded X.509 cert 'Build time autogenerated kernel key: 01a66adcc10ca4ce7676a3458c33483b0e2b806e'
[    0.662050] zswap: loaded using pool lzo/zbud
[    0.665451] Key type big_key registered
[    0.666136] Key type trusted registered
[    0.668121] Key type encrypted registered
[    0.668837] AppArmor: AppArmor sha1 policy hashing enabled
[    0.669774] ima: No TPM chip found, activating TPM-bypass! (rc=-19)
[    0.670843] ima: Allocated hash algorithm: sha1
[    0.671651] evm: HMAC attrs: 0x1
[    0.672483]   Magic number: 11:809:82
[    0.673223] rtc_cmos rtc_cmos: setting system clock to 2019-11-09 15:04:06 UTC (1573311846)
[    0.674808] BIOS EDD facility v0.16 2004-Jun-25, 0 devices found
[    0.675825] EDD information not available.
[    0.782886] Freeing unused kernel image memory: 2436K
[    0.792739] Write protecting the kernel read-only data: 20480k
[    0.795033] Freeing unused kernel image memory: 2008K
[    0.796648] Freeing unused kernel image memory: 1884K
[    0.803146] x86/mm: Checked W+X mappings: passed, no W+X pages found.
[    0.804773] x86/mm: Checking user space page tables
[    0.810385] x86/mm: Checked W+X mappings: passed, no W+X pages found.
Loading, please wait...
starting version 237
[    0.870824] Fusion MPT base driver 3.04.20
[    0.871815] Copyright (c) 1999-2008 LSI Corporation
[    0.897321] e1000: Intel(R) PRO/1000 Network Driver - version 7.3.21-k8-NAPI
[    0.899795] e1000: Copyright (c) 1999-2006 Intel Corporation.
[    0.911321] AVX2 version of gcm_enc/dec engaged.
[    0.912399] AES CTR mode by8 optimization enabled
[    0.912424] Fusion MPT SPI Host driver 3.04.20
[    1.093155] input: ImExPS/2 Generic Explorer Mouse as /devices/platform/i8042/serio1/input/input4
[    1.301526] e1000 0000:00:03.0 eth0: (PCI:33MHz:32-bit) 02:7c:06:17:a1:8b
[    1.302814] e1000 0000:00:03.0 eth0: Intel(R) PRO/1000 Network Connection
[    1.305069] mptbase: ioc0: Initiating bringup
[    1.306495] e1000 0000:00:03.0 enp0s3: renamed from eth0
[    1.428479] ioc0: LSI53C1030 A0: Capabilities={Initiator}
[    2.354600] scsi host2: ioc0: LSI53C1030 A0, FwRev=00000000h, Ports=1, MaxQ=256, IRQ=20
[    2.930784] scsi 2:0:0:0: Direct-Access     VBOX     HARDDISK         1.0  PQ: 0 ANSI: 5
[    2.968248] scsi target2:0:0: Beginning Domain Validation
[    2.972849] scsi target2:0:0: Domain Validation skipping write tests
[    2.974315] scsi target2:0:0: Ending Domain Validation
[    2.976039] scsi target2:0:0: asynchronous
[    2.977967] scsi 2:0:1:0: Direct-Access     VBOX     HARDDISK         1.0  PQ: 0 ANSI: 5
[    3.008482] scsi target2:0:1: Beginning Domain Validation
[    3.013058] random: fast init done
[    3.014077] scsi target2:0:1: Domain Validation skipping write tests
[    3.015524] scsi target2:0:1: Ending Domain Validation
[    3.016818] scsi target2:0:1: asynchronous
[    3.018518] scsi 2:0:2:0: Direct-Access     VBOX     HARDDISK         1.0  PQ: 0 ANSI: 5
[    3.048045] scsi target2:0:2: Beginning Domain Validation
[    3.052854] scsi target2:0:2: Domain Validation skipping write tests
[    3.054194] scsi target2:0:2: Ending Domain Validation
[    3.055365] scsi target2:0:2: asynchronous
[    3.059793] random: systemd-udevd: uninitialized urandom read (16 bytes read)
[    3.061289] random: systemd-udevd: uninitialized urandom read (16 bytes read)
[    3.061298] sd 2:0:0:0: Attached scsi generic sg0 type 0
[    3.062652] random: systemd-udevd: uninitialized urandom read (16 bytes read)
[    3.065091] sd 2:0:0:0: [sda] 41943040 512-byte logical blocks: (21.5 GB/20.0 GiB)
[    3.066655] sd 2:0:0:0: [sda] Write Protect is off
[    3.067948] sd 2:0:1:0: Attached scsi generic sg1 type 0
[    3.069062] sd 2:0:1:0: [sdb] 20480 512-byte logical blocks: (10.5 MB/10.0 MiB)
[    3.071011] sd 2:0:0:0: [sda] Incomplete mode parameter data
[    3.072038] sd 2:0:0:0: [sda] Assuming drive cache: write through
[    3.072356] sd 2:0:2:0: Attached scsi generic sg2 type 0
[    3.073156] sd 2:0:1:0: [sdb] Write Protect is off
[    3.074567] sd 2:0:2:0: [sdc] 104857600 512-byte logical blocks: (53.7 GB/50.0 GiB)
[    3.076998] sd 2:0:1:0: [sdb] Incomplete mode parameter data
[    3.077047] sd 2:0:2:0: [sdc] Write Protect is off
[    3.078013] sd 2:0:1:0: [sdb] Assuming drive cache: write through
[    3.080246]  sda: sda1
[    3.081168] sd 2:0:2:0: [sdc] Incomplete mode parameter data
[    3.082208] sd 2:0:2:0: [sdc] Assuming drive cache: write through
[    3.083519] sd 2:0:0:0: [sda] Attached SCSI disk
[    3.089618] sd 2:0:1:0: [sdb] Attached SCSI disk
[    3.090827] sd 2:0:2:0: [sdc] Attached SCSI disk
Begin: Loading essential drivers ... [    4.500114] raid6: sse2x1   gen() 12033 MB/s
[    4.548174] raid6: sse2x1   xor()  8662 MB/s
[    4.596266] raid6: sse2x2   gen() 15007 MB/s
[    4.644187] raid6: sse2x2   xor() 10670 MB/s
[    4.692015] raid6: sse2x4   gen() 18583 MB/s
[    4.740268] raid6: sse2x4   xor()  7481 MB/s
[    4.788228] raid6: avx2x1   gen() 25747 MB/s
[    4.836252] raid6: avx2x1   xor() 17323 MB/s
[    4.884023] raid6: avx2x2   gen() 27810 MB/s
[    4.932070] raid6: avx2x2   xor() 18346 MB/s
[    4.980535] raid6: avx2x4   gen() 31658 MB/s
[    5.028222] raid6: avx2x4   xor() 22223 MB/s
[    5.030139] raid6: using algorithm avx2x4 gen() 31658 MB/s
[    5.031123] raid6: .... xor() 22223 MB/s, rmw enabled
[    5.032051] raid6: using avx2x2 recovery algorithm
[    5.033972] xor: automatically using best checksumming function   avx       
[    5.035900] async_tx: api initialized (async)
done.
Begin: Running /scripts/init-premount ... done.
Begin: Mounting root file system ... Begin: Running /scripts/local-top ... done.
Begin: Running /scripts/local-premount ... [    5.071419] Btrfs loaded, crc32c=crc32c-intel
Scanning for Btrfs filesystems
done.
Warning: fsck not present, so skipping root file system
[    5.105279] EXT4-fs (sda1): mounted filesystem with ordered data mode. Opts: (null)
done.
Begin: Running /scripts/local-bottom ... done.
Begin: Running /scripts/init-bottom ... done.
[    5.208183] ip_tables: (C) 2000-2006 Netfilter Core Team
[    5.213787] systemd[1]: systemd 237 running in system mode. (+PAM +AUDIT +SELINUX +IMA +APPARMOR +SMACK +SYSVINIT +UTMP +LIBCRYPTSETUP +GCRYPT +GNUTLS +ACL +XZ +LZ4 +SECCOMP +BLKID +ELFUTILS +KMOD -IDN2 +IDN -PCRE2 default-hierarchy=hybrid)
[    5.217481] systemd[1]: Detected virtualization oracle.
[    5.218415] systemd[1]: Detected architecture x86-64.

Welcome to [1mUbuntu 18.04.3 LTS[0m!

[    5.222877] systemd[1]: Set hostname to <ubuntu>.
[    5.225508] systemd[1]: Initializing machine ID from random generator.
[    5.227093] systemd[1]: Installed transient /etc/machine-id file.
[    5.393619] systemd[1]: Reached target System Time Synchronized.
[[0;32m  OK  [0m] Reached target System Time Synchronized.
[    5.396784] systemd[1]: Created slice User and Session Slice.
[[0;32m  OK  [0m] Created slice User and Session Slice.
[    5.409192] systemd[1]: Set up automount Arbitrary Executable File Formats File System Automount Point.
[[0;32m  OK  [0m] Set up automount Arbitrary Executab…rmats File System Automount Point.
[    5.429365] systemd[1]: Reached target Swap.
[[0;32m  OK  [0m] Reached target Swap.
[[0;32m  OK  [0m] Created slice System Slice.
[[0;32m  OK  [0m] Reached target Slices.
[[0;32m  OK  [0m] Listening on Device-mapper event daemon FIFOs.
[[0;32m  OK  [0m] Listening on /dev/initctl Compatibility Named Pipe.
[[0;32m  OK  [0m] Listening on Syslog Socket.
[[0;32m  OK  [0m] Listening on Journal Socket.
         Mounting Huge Pages File System...
         Mounting POSIX Message Queue File System...
         Starting Create list of required st…ce nodes for the current kernel...
         Starting Remount Root and Kernel File Systems...
[[0;32m  OK  [0m] Listening on LVM2 metadata daemon socket.
[    5.489522] EXT4-fs (sda1): re-mounted. Opts: (null)
         Starting Monitoring of LVM2 mirrors…ng dmeventd or progress polling...
         Mounting Kernel Debug File System...
[[0;32m  OK  [0m] Created slice system-serial\x2dgetty.slice.
[[0;32m  OK  [0m] Listening on udev Control Socket.
[[0;32m  OK  [0m] Listening on udev Kernel Socket.
         Starting udev Coldplug all Devices...
[[0;32m  OK  [0m] Listening on Journal Socket (/dev/log).
         Starting Set the console keyboard layout...
[[0;32m  OK  [0m] Listening on LVM2 poll daemon socket.
         Starting Load Kernel Modules...
[[0;32m  OK  [0m] Listening on Journal Audit Socket.
         Starting Journal Service...
[[0;32m  OK  [0m] Listening on Network Service Netlink Socket.
[    5.608683] Loading iSCSI transport class v2.0-870.
[[0;32m  OK  [0m] Started Forward Password Requests to Wall Directory Watch.
[[0;32m  OK  [0m] Reached target User and Group Name Lookups.
         Starting Uncomplicated firewall...
[[0;32m  OK  [0m] Mounted Huge Pages File System.
[    5.616837] iscsi: registered transport (tcp)
[[0;32m  OK  [0m] Mounted POSIX Message Queue File System.
[[0;32m  OK  [0m] Started Create list of required sta…vice nodes for the current kernel.
[[0;32m  OK  [0m] Started Remount Root and Kernel File Systems.
[[0;32m  OK  [0m] Mounted Kernel Debug File System.
[[0;32m  OK  [0m] Started LVM2 metadata daemon.
[    5.633007] iscsi: registered transport (iser)
         Starting Load/Save Random Seed...
         Starting Create Static Device Nodes in /dev...
[[0;32m  OK  [0m] Started Journal Service.
[[0;32m  OK  [0m] Started Load Kernel Modules.
[[0;32m  OK  [0m] Started Uncomplicated firewall.
[[0;32m  OK  [0m] Started udev Coldplug all Devices.
[[0;32m  OK  [0m] Started Load/Save Random Seed.
         Mounting Kernel Configuration File System...
         Starting Apply Kernel Variables...
         Mounting FUSE Control File System...
         Starting Flush Journal to Persistent Storage...
[[0;32m  OK  [0m] Started Monitoring of LVM2 mirrors,…sing dmeventd or progress polling.
[[0;32m  OK  [0m] Mounted Kernel Configuration File System.
[[0;32m  OK  [0m] Mounted FUSE Control File System.
[[0;32m  OK  [0m] Started Create Static Device Nodes in /dev.
         Starting udev Kernel Device Manager...
[[0;32m  OK  [0m] Started Apply Kernel Variables.
[[0;32m  OK  [0m] Started udev Kernel Device Manager.
[[0;32m  OK  [0m] Started Flush Journal to Persistent Storage.
[[0;32m  OK  [0m] Found device /dev/ttyS0.
[[0;32m  OK  [0m] Listening on Load/Save RF Kill Switch Status /dev/rfkill Watch.
[[0;32m  OK  [0m] Started Set the console keyboard layout.
[[0;32m  OK  [0m] Started Dispatch Password Requests to Console Directory Watch.
[[0;32m  OK  [0m] Reached target Local Encrypted Volumes.
[[0;32m  OK  [0m] Reached target Local File Systems (Pre).
[[0;32m  OK  [0m] Reached target Local File Systems.
         Starting Create Volatile Files and Directories...
         Starting Commit a transient machine-id on disk...
         Starting AppArmor initialization...
         Starting Set console font and keymap...
         Starting Tell Plymouth To Write Out Runtime Data...
         Starting ebtables ruleset management...
[[0;32m  OK  [0m] Started Create Volatile Files and Directories.
         Starting Update UTMP about System Boot/Shutdown...
[[0;32m  OK  [0m] Started Set console font and keymap.
[[0;32m  OK  [0m] Started Tell Plymouth To Write Out Runtime Data.
[[0;32m  OK  [0m] Started Update UTMP about System Boot/Shutdown.
[[0;32m  OK  [0m] Started Commit a transient machine-id on disk.
[[0;32m  OK  [0m] Started ebtables ruleset management.
[[0;32m  OK  [0m] Started AppArmor initialization.
         Starting Initial cloud-init job (pre-networking)...
[    7.764131] cloud-init[653]: Cloud-init v. 19.2-36-g059d049c-0ubuntu2~18.04.1 running 'init-local' at Sat, 09 Nov 2019 15:04:13 +0000. Up 7.44 seconds.
[[0;32m  OK  [0m] Started Initial cloud-init job (pre-networking).
[[0;32m  OK  [0m] Reached target Network (Pre).
         Starting Network Service...
[[0;32m  OK  [0m] Started Network Service.
         Starting Wait for Network to be Configured...
         Starting Network Name Resolution...
[[0;32m  OK  [0m] Started Network Name Resolution.
[[0;32m  OK  [0m] Reached target Host and Network Name Lookups.
[[0;32m  OK  [0m] Reached target Network.
[[0;32m  OK  [0m] Started Wait for Network to be Configured.
         Starting Initial cloud-init job (metadata service crawler)...
[   10.109793] cloud-init[757]: Cloud-init v. 19.2-36-g059d049c-0ubuntu2~18.04.1 running 'init' at Sat, 09 Nov 2019 15:04:15 +0000. Up 10.00 seconds.
[   10.124148] cloud-init[757]: ci-info: +++++++++++++++++++++++++++++++++++++Net device info++++++++++++++++++++++++++++++++++++++
[   10.140155] cloud-init[757]: ci-info: +--------+------+---------------------------+---------------+--------+-------------------+
[   10.156143] cloud-init[757]: ci-info: | Device |  Up  |          Address          |      Mask     | Scope  |     Hw-Address    |
[   10.172141] cloud-init[757]: ci-info: +--------+------+---------------------------+---------------+--------+-------------------+
[   10.188244] cloud-init[757]: ci-info: | enp0s3 | True |         10.0.2.15         | 255.255.255.0 | global | 02:7c:06:17:a1:8b |
[   10.191703] cloud-init[757]: ci-info: | enp0s3 | True | fe80::7c:6ff:fe17:a18b/64 |       .       |  link  | 02:7c:06:17:a1:8b |
[   10.193772] cloud-init[757]: ci-info: |   lo   | True |         127.0.0.1         |   255.0.0.0   |  host  |         .         |
[   10.194993] cloud-init[757]: ci-info: |   lo   | True |          ::1/128          |       .       |  host  |         .         |
[   10.196714] cloud-init[757]: ci-info: +--------+------+---------------------------+---------------+--------+-------------------+
[   10.198346] cloud-init[757]: ci-info: ++++++++++++++++++++++++++++Route IPv4 info+++++++++++++++++++++++++++++
[   10.200696] cloud-init[757]: ci-info: +-------+-------------+----------+-----------------+-----------+-------+
[   10.203749] cloud-init[757]: ci-info: | Route | Destination | Gateway  |     Genmask     | Interface | Flags |
[   10.213378] cloud-init[757]: ci-info: +-------+-------------+----------+-----------------+-----------+-------+
[   10.214479] cloud-init[757]: ci-info: |   0   |   0.0.0.0   | 10.0.2.2 |     0.0.0.0     |   enp0s3  |   UG  |
[   10.217038] cloud-init[757]: ci-info: |   1   |   10.0.2.0  | 0.0.0.0  |  255.255.255.0  |   enp0s3  |   U   |
[   10.218619] cloud-init[757]: ci-info: |   2   |   10.0.2.2  | 0.0.0.0  | 255.255.255.255 |   enp0s3  |   UH  |
[   10.220706] cloud-init[757]: ci-info: +-------+-------------+----------+-----------------+-----------+-------+
[   10.222190] cloud-init[757]: ci-info: +++++++++++++++++++Route IPv6 info+++++++++++++++++++
[   10.223163] cloud-init[757]: ci-info: +-------+-------------+---------+-----------+-------+
[   10.236218] cloud-init[757]: ci-info: | Route | Destination | Gateway | Interface | Flags |
[   10.248660] cloud-init[757]: ci-info: +-------+-------------+---------+-----------+-------+
[   10.260339] cloud-init[757]: ci-info: |   1   |  fe80::/64  |    ::   |   enp0s3  |   U   |
[   10.261652] cloud-init[757]: ci-info: |   3   |    local    |    ::   |   enp0s3  |   U   |
[   10.263101] cloud-init[757]: ci-info: |   4   |   ff00::/8  |    ::   |   enp0s3  |   U   |
[   10.264730] cloud-init[757]: ci-info: +-------+-------------+---------+-----------+-------+
[   10.652725] cloud-init[757]: Generating public/private rsa key pair.
[   10.653538] cloud-init[757]: Your identification has been saved in /etc/ssh/ssh_host_rsa_key.
[   10.654503] cloud-init[757]: Your public key has been saved in /etc/ssh/ssh_host_rsa_key.pub.
[   10.655901] cloud-init[757]: The key fingerprint is:
[   10.656787] cloud-init[757]: SHA256:cQqY80TzVMcMNjaxjy/ukXfFTs+rTkMhK0GrVnxPPFA root@ubuntu-bionic
[   10.658309] cloud-init[757]: The key's randomart image is:
[   10.659209] cloud-init[757]: +---[RSA 2048]----+
[   10.659979] cloud-init[757]: |      o .oO*oE   |
[   10.660774] cloud-init[757]: |     + +oo.==    |
[   10.661563] cloud-init[757]: |    + o o=oo =   |
[   10.662348] cloud-init[757]: |     + .o+oo= o. |
[   10.663212] cloud-init[757]: |      .oS....o  +|
[   10.663939] cloud-init[757]: |      .   .o.  =.|
[   10.664795] cloud-init[757]: |          + oo. +|
[   10.679842] cloud-init[757]: |         . +... .|
[   10.699857] cloud-init[757]: |         .o .o.. |
[[0;32m  OK  [0m] Started Initial cloud-init job (metadata service crawler).
[[0;32m  OK  [0m] Reached target Network is Online.
[   10.718265] cloud-init[757]: +----[SHA256]-----+
[[0;32m  OK  [0m] Reached target Remote File Systems (Pre).
[[0;32m  OK  [0m] Reached target Remote File Systems.
[   10.733050] cloud-init[757]: Generating public/private dsa key pair.
[   10.756217]          Starting Availability of block devices...
[[0;32m  OK  [0m] Reached target System Initialization.
cloud-init[757]: Your identification has been saved in /etc/ssh/ssh_host_dsa_key.
[   10.757894] [[0;32m  OK  [0m] Started Daily Cleanup of Temporary Directories.
cloud-init[757]: Your public key has been saved in /etc/ssh/ssh_host_dsa_key.pub.
[[0;32m  OK  [0m] Started Daily apt download activities.
[   10.769465] [cloud-init[0;32m  OK  [0m[757]: ] The key fingerprint is:Started Daily apt upgrade and clean activities.

[[0;32m  OK  [0m] Listening on D-Bus System Message Bus Socket.
[   10.782189] [[0;32m  OK  [0m] Listening on ACPID Listen Socket.
cloud-init[757]: SHA256:o/jO05BwPIe2PYNUYhT65C58i8QceLI5oTDzhueemNE root@ubuntu-bionic
[[0;32m  OK  [0m] Started Message of the Day.
[   10.792413] cloud-init[757]: The key's randomart image is:
[   10.793454] cloud-init[757]: +---[DSA 1024]----+
         Starting LXD - unix socket.
[   10.804334] cloud-init[757]: |     .o.         |
         Starting Socket activation for snappy daemon.
[   10.817250] [[0;32m  OK  [0m] Started Discard unused blocks once a week.
[[0;32m  OK  [0m] Reached target Timers.
cloud-init[757]: |     .o .        |
[[0;32m  OK  [0m] Listening on UUID daemon activation socket.
[   10.820900] [[0;32m  OK  [0m] Listening on Open-iSCSI iscsid Socket.
[[0;32m  OK  [0m] Started ACPI Events Check.
[[0;32m  OK  [0m] Reached target Paths.
[[0;32m  OK  [0m] Reached target Cloud-config availability.
[[0;32m  OK  [0m] Started Availability of block devices.
[[0;32m  OK  [0m] Listening on LXD - unix socket.
[[0;32m  OK  [0m] Listening on Socket activation for snappy daemon.
[[0;32m  OK  [0m] Reached target Sockets.
cloud-init[757]: |    .o.+         |
[[0;32m  OK  [0m] Reached target Basic System.
[   10.828871] cloud-init[757]:          Starting Login Service...
|   ..+B .        |         Starting System Logging Service...

         Starting LSB: automatic crash report generation...
         Starting Accounts Service...
[   10.844790] cloud-init[757]: |+ + o=oBS        |
[[0;32m  OK  [0m] Started Regular background program processing daemon.
[   10.847959] [[0;32m  OK  [0m] Started FUSE filesystem for LXC.
cloud-init[757]: |.B X +=.+.       |
[   10.851875] cloud-init[757]: |+ E B +o o       |
[   10.860252] cloud-init[757]: | B + *...        |
[   10.861396] cloud-init[757]: |o.+ ..=.         |
[   10.864764] cloud-init[757]: +----[SHA256]-----+
[   10.866363] cloud-init[757]: Generating public/private ecdsa key pair.
[   10.867943] cloud-init[757]: Your identification has been saved in /etc/ssh/ssh_host_ecdsa_key.
[   10.871723]          Starting Dispatcher daemon for systemd-networkd...
         Starting Permit User Sessions...
[[0;32m  OK  [0m] Started Deferred execution scheduler.
         Starting LSB: Record successful boot for GRUB...
cloud-init[757]: Your public key has been saved in /etc/ssh/ssh_host_ecdsa_key.pub.
[   10.880000] cloud-init         Starting Virtualbox guest utils...
[757]:          Starting LXD - container startup/shutdown...
The key fingerprint is:
[[0;32m  OK  [0m] Started D-Bus System Message Bus.
[   10.884155] cloud-init[757]: SHA256:X319jkZW3VhG0BIoFBiAansT5JZluSOSK5zm3MozZFk root@ubuntu-bionic
[   10.908267] cloud-init[757]: The key's randomart image is:
[   10.920434] cloud-init[757]: +---[ECDSA 256]---+
[   10.932328] cloud-init[757]: |     ..o.+o. .o=+|
[   10.933434] cloud-init[757]: |    o + . . . .++|
[   10.944428] cloud-init[757]: |   = + .   .  ..+|
[   10.956373] cloud-init[757]: |  =E* o      . ..|
[   10.968791] cloud-init[757]: |..+= o .S   . + +|
[   10.980189] cloud-init[757]: |.Bo o    . . o +.|
[   10.981225] cloud-init[757]: |*... .    .   o .|
[   10.982190] cloud-init[757]: |.= .         .   |
[   10.983087] cloud-init[757]: | o+              |
[   10.984025] cloud-init[757]: +----[SHA256]-----+
[   10.985152] cloud-init[757]: Generating public/private ed25519 key pair.
[   10.986927] cloud-init[757]: Your identification has been saved in /etc/ssh/ssh_host_ed25519_key.
[   10.988970] cloud-init[757]: Your public key has been saved in /etc/ssh/ssh_host_ed25519_key.pub.
[   10.991528] cloud-init[757]: The key fingerprint is:
[   10.993677] cloud-init[757]: SHA256:vcEvW+9uZX33DiDUKJpUrfuRUCz6y4389p91/ag9mF0 root@ubuntu-bionic
[   10.995562] cloud-init[757]: The key's randomart image is:
[   10.996481] cloud-init[757]: +--[ED25519 256]--+
[   10.997575] cloud-init[757]: |        .o       |
[   10.998532] cloud-init[757]: |       .. +o     |
[   10.999707] cloud-init[757]: |      ...+o .    |
[   11.000919] cloud-init[757]: |     ..oo=       |
[   11.002360] [[0;32m  OK  [0m] Started irqbalance daemon.
cloud-init[757]: |      o.So=..   .|
[   11.012020] cloud-init[757]: |        o o= .  E|
[   11.013819] cloud-init[757]: |       o =o.o+.+B|
[   11.015169] cloud-init[757]: |        = ++oo+=+|
[   11.016915] cloud-init[757]: |         oo.o*Ooo|
[   11.020137] cloud-init[757]: +----[SHA256]-----+
         Starting Snappy daemon...
         Starting Pollinate to seed the pseudo random number generator...
[[0;32m  OK  [0m] Started System Logging Service.
[[0;32m  OK  [0m] Started Permit User Sessions.
[[0;32m  OK  [0m] Started LXD - container startup/shutdown.
[[0;32m  OK  [0m] Started Login Service.
         Starting Authorization Manager...
[[0;32m  OK  [0m] Started Unattended Upgrades Shutdown.
         Starting Hold until boot process finishes up...
         Starting Terminate Plymouth Boot Screen...
[[0;32m  OK  [0m] Started Hold until boot process finishes up.
[[0;32m  OK  [0m] Started Terminate Plymouth Boot Screen.
         Starting Set console scheme...
[[0;32m  OK  [0m] Started Serial Getty on ttyS0.
[[0;32m  OK  [0m] Started LSB: automatic crash report generation.
[[0;32m  OK  [0m] Started Set console scheme.
[[0;32m  OK  [0m] Created slice system-getty.slice.
[[0;32m  OK  [0m] Started Getty on tty1.
[[0;32m  OK  [0m] Reached target Login Prompts.
[[0;32m  OK  [0m] Started LSB: Record successful boot for GRUB.
[[0;32m  OK  [0m] Started Authorization Manager.
[[0;32m  OK  [0m] Started Accounts Service.
[[0;32m  OK  [0m] Started Virtualbox guest utils.
[[0;32m  OK  [0m] Started Dispatcher daemon for systemd-networkd.
[[0;32m  OK  [0m] Started Snappy daemon.
         Starting Wait until snapd is fully seeded...
[[0;32m  OK  [0m] Started Pollinate to seed the pseudo random number generator.
         Starting OpenBSD Secure Shell server...
[[0;32m  OK  [0m] Started OpenBSD Secure Shell server.
[[0;32m  OK  [0m] Created slice User Slice of vagrant.
         Starting User Manager for UID 1000...
[[0;32m  OK  [0m] Started Session 1 of user vagrant.
[[0;32m  OK  [0m] Started User Manager for UID 1000.
[[0;32m  OK  [0m] Started Wait until snapd is fully seeded.
         Starting Apply the settings specified in cloud-config...
[[0;32m  OK  [0m] Reached target Multi-User System.
[[0;32m  OK  [0m] Reached target Graphical Interface.
         Starting Update UTMP about System Runlevel Changes...
[[0;32m  OK  [0m] Started Update UTMP about System Runlevel Changes.
[   13.831440] cloud-init[1379]: Cloud-init v. 19.2-36-g059d049c-0ubuntu2~18.04.1 running 'modules:config' at Sat, 09 Nov 2019 15:04:19 +0000. Up 13.50 seconds.
[[0;32m  OK  [0m] Started Apply the settings specified in cloud-config.
         Starting Execute cloud user/final scripts...
         Stopping User Manager for UID 1000...
ci-info: no authorized ssh keys fingerprints found for user ubuntu.
[[0;32m  OK  [0m] Stopped User Manager for UID 1000.
[[0;32m  OK  [0m] Removed slice User Slice of vagrant.
<14>Nov  9 15:04:20 ec2: 
<14>Nov  9 15:04:20 ec2: #############################################################
<14>Nov  9 15:04:20 ec2: -----BEGIN SSH HOST KEY FINGERPRINTS-----
<14>Nov  9 15:04:20 ec2: 1024 SHA256:o/jO05BwPIe2PYNUYhT65C58i8QceLI5oTDzhueemNE root@ubuntu-bionic (DSA)
<14>Nov  9 15:04:20 ec2: 256 SHA256:X319jkZW3VhG0BIoFBiAansT5JZluSOSK5zm3MozZFk root@ubuntu-bionic (ECDSA)
<14>Nov  9 15:04:20 ec2: 256 SHA256:vcEvW+9uZX33DiDUKJpUrfuRUCz6y4389p91/ag9mF0 root@ubuntu-bionic (ED25519)
<14>Nov  9 15:04:20 ec2: 2048 SHA256:cQqY80TzVMcMNjaxjy/ukXfFTs+rTkMhK0GrVnxPPFA root@ubuntu-bionic (RSA)
<14>Nov  9 15:04:20 ec2: -----END SSH HOST KEY FINGERPRINTS-----
<14>Nov  9 15:04:20 ec2: #############################################################
-----BEGIN SSH HOST KEY KEYS-----
ecdsa-sha2-nistp256 AAAAE2VjZHNhLXNoYTItbmlzdHAyNTYAAAAIbmlzdHAyNTYAAABBBHYLuUFQv+7B2FtVYiXRmhaLd4w6o8uRjbkEOqS4gug2Bm9w3cIZrHYw+7Kv9jPM0IC2gg0KQqhLEtMXJvqdif0= root@ubuntu-bionic
ssh-ed25519 AAAAC3NzaC1lZDI1NTE5AAAAIIyZ9aSlwLI8NnU6fOIR7U5gBxPdgbRvccj2Gxxqz4qc root@ubuntu-bionic
ssh-rsa AAAAB3NzaC1yc2EAAAADAQABAAABAQC0TTNBYl6bXgjR8riqJRVuiaPL5qKTSZWGEMV3+q94a15m95e5oWq7eDaOavcOEbdZ6z/5rS1o2mZGbi/93gWB8rDsdPXkxl+2q9haxs1KWvFa6zRoUhrTprItb8kblRbnxG5TOLHwMYjk+Ry0lPAMlRst8WsBNorvzKhqZnfjFaCDjG9e9SB7I4OmoMftapUdgw3PqsBbo39YVOGh4fvSGo0zm7To9zPPXIGozm23Xw68/W/qubgKEnQPGfeYvz+5SEVr7lhF5WXYAzIlP+5Md4xVkeyRjw3R5z5la+96EoEYo+8Ringf40Q5uzlWtunR0Ntp/Bh8TNU5CQiPU2nh root@ubuntu-bionic
-----END SSH HOST KEY KEYS-----
[   14.386550] cloud-init[1527]: Cloud-init v. 19.2-36-g059d049c-0ubuntu2~18.04.1 running 'modules:final' at Sat, 09 Nov 2019 15:04:20 +0000. Up 14.22 seconds.
[   14.389890] cloud-init[1527]: ci-info: no authorized ssh keys fingerprints found for user ubuntu.
[   14.391684] cloud-init[1527]: Cloud-init v. 19.2-36-g059d049c-0ubuntu2~18.04.1 finished at Sat, 09 Nov 2019 15:04:20 +0000. Datasource DataSourceNoCloud [seed=/dev/sdb][dsmode=net].  Up 14.37 seconds
[[0;32m  OK  [0m] Started Execute cloud user/final scripts.
[[0;32m  OK  [0m] Reached target Cloud-init target.

Ubuntu 18.04.3 LTS ubuntu-bionic ttyS0

ubuntu-bionic login: [[0;32m  OK  [0m] Stopped target Graphical Interface.
[[0;32m  OK  [0m] Closed Load/Save RF Kill Switch Status /dev/rfkill Watch.
[[0;32m  OK  [0m] Stopped target Cloud-init target.
[[0;32m  OK  [0m] Stopped QEMU KVM preparation - module, ksm, hugepages.
         Stopping Availability of block devices...
         Stopping Authorization Manager...
[[0;32m  OK  [0m] Stopped target Timers.
[[0;32m  OK  [0m] Stopped Daily apt upgrade and clean activities.
[[0;32m  OK  [0m] Stopped Daily Cleanup of Temporary Directories.
[[0;32m  OK  [0m] Stopped Discard unused blocks once a week.
[[0;32m  OK  [0m] Stopped Message of the Day.
[[0;32m  OK  [0m] Stopped Daily apt download activities.
[[0;32m  OK  [0m] Stopped target System Time Synchronized.
         Stopping User Manager for UID 1000...
[[0;32m  OK  [0m] Stopped Execute cloud user/final scripts.
[[0;32m  OK  [0m] Stopped target Multi-User System.
[[0;32m  OK  [0m] Stopped target Login Prompts.
         Stopping Serial Getty on ttyS0...
         Stopping LSB: automatic crash report generation...
         Stopping vboxadd-service.service...
         Stopping Unattended Upgrades Shutdown...
         Stopping D-Bus System Message Bus...
         Stopping FUSE filesystem for LXC...
         Stopping OpenBSD Secure Shell server...
         Stopping LXD - container startup/shutdown...
         Stopping Dispatcher daemon for systemd-networkd...
         Stopping LSB: Record successful boot for GRUB...
         Stopping System Logging Service...
         Stopping Regular background program processing daemon...
         Stopping LSB: Xen daemons...
[[0;32m  OK  [0m] Stopped Apply the settings specified in cloud-config.
[[0;32m  OK  [0m] Stopped target Cloud-config availability.
         Stopping Accounts Service...
         Stopping Deferred execution scheduler...
[[0;32m  OK  [0m] Stopped target Network is Online.
         Stopping Session 5 of user vagrant.
[[0;32m  OK  [0m] Stopped Wait until snapd is fully seeded.
         Stopping Getty on tty1...
         Stopping irqbalance daemon...
[[0;32m  OK  [0m] Stopped target Host and Network Name Lookups.
[[0;32m  OK  [0m] Unmounted /var/lib/lxcfs.
[[0;32m  OK  [0m] Stopped System Logging Service.
[[0;32m  OK  [0m] Stopped Accounts Service.
[[0;32m  OK  [0m] Stopped Regular background program processing daemon.
[[0;32m  OK  [0m] Stopped Dispatcher daemon for systemd-networkd.
[[0;32m  OK  [0m] Stopped Deferred execution scheduler.
[[0;32m  OK  [0m] Stopped irqbalance daemon.
[[0;32m  OK  [0m] Stopped Authorization Manager.
[[0;32m  OK  [0m] Stopped Unattended Upgrades Shutdown.
[[0;32m  OK  [0m] Stopped Serial Getty on ttyS0.
[[0;32m  OK  [0m] Stopped Getty on tty1.
[[0;32m  OK  [0m] Stopped OpenBSD Secure Shell server.
[[0;32m  OK  [0m] Stopped User Manager for UID 1000.
[[0;32m  OK  [0m] Stopped Availability of block devices.
[[0;32m  OK  [0m] Stopped vboxadd-service.service.
[[0;32m  OK  [0m] Stopped D-Bus System Message Bus.
[[0;32m  OK  [0m] Stopped FUSE filesystem for LXC.
[[0;32m  OK  [0m] Stopped Session 5 of user vagrant.
         Stopping vboxadd.service...
[[0;32m  OK  [0m] Removed slice User Slice of vagrant.
[[0;32m  OK  [0m] Removed slice system-getty.slice.
[[0;32m  OK  [0m] Removed slice system-serial\x2dgetty.slice.
         Stopping Permit User Sessions...
         Stopping Login Service...
[[0;32m  OK  [0m] Stopped LSB: automatic crash report generation.
[[0;32m  OK  [0m] Stopped LXD - container startup/shutdown.
[[0;32m  OK  [0m] Stopped LSB: Record successful boot for GRUB.
[[0;32m  OK  [0m] Stopped LSB: Xen daemons.
[[0;32m  OK  [0m] Stopped Permit User Sessions.
[[0;32m  OK  [0m] Stopped target Network.
         Stopping Network Name Resolution...
         Stopping LSB: Xenstore daemon...
[[0;32m  OK  [0m] Stopped Login Service.
[[0;32m  OK  [0m] Stopped target User and Group Name Lookups.
[[0;32m  OK  [0m] Stopped LSB: Xenstore daemon.
[[0;32m  OK  [0m] Stopped Network Name Resolution.
[[0;32m  OK  [0m] Unmounted /media/share.
[[0;32m  OK  [0m] Stopped vboxadd.service.
         Stopping Network Service...
[[0;32m  OK  [0m] Stopped target Basic System.
[[0;32m  OK  [0m] Stopped target Paths.
[[0;32m  OK  [0m] Stopped ACPI Events Check.
[[0;32m  OK  [0m] Stopped target Slices.
[[0;32m  OK  [0m] Removed slice User and Session Slice.
[[0;32m  OK  [0m] Stopped target Sockets.
[[0;32m  OK  [0m] Closed Open-iSCSI iscsid Socket.
[[0;32m  OK  [0m] Closed Syslog Socket.
[[0;32m  OK  [0m] Closed ACPID Listen Socket.
[[0;32m  OK  [0m] Closed LXD - unix socket.
[[0;32m  OK  [0m] Closed D-Bus System Message Bus Socket.
[[0;32m  OK  [0m] Closed UUID daemon activation socket.
[[0;32m  OK  [0m] Closed Socket activation for snappy daemon.
[[0;32m  OK  [0m] Stopped target Remote File Systems.
[[0;32m  OK  [0m] Stopped target Remote File Systems (Pre).
[[0;32m  OK  [0m] Stopped target System Initialization.
[[0;32m  OK  [0m] Stopped Commit a transient machine-id on disk.
         Stopping Load/Save Random Seed...
[[0;32m  OK  [0m] Stopped target Local Encrypted Volumes.
[[0;32m  OK  [0m] Stopped Forward Password Requests to Wall Directory Watch.
[[0;32m  OK  [0m] Stopped Dispatch Password Requests to Console Directory Watch.
         Stopping Update UTMP about System Boot/Shutdown...
[[0;32m  OK  [0m] Stopped Initial cloud-init job (metadata service crawler).
[[0;32m  OK  [0m] Stopped Network Service.
[[0;32m  OK  [0m] Stopped Load/Save Random Seed.
[[0;32m  OK  [0m] Stopped Apply Kernel Variables.
[[0;32m  OK  [0m] Stopped Load Kernel Modules.
[[0;32m  OK  [0m] Stopped target Network (Pre).
[[0;32m  OK  [0m] Stopped Initial cloud-init job (pre-networking).
[[0;32m  OK  [0m] Stopped Update UTMP about System Boot/Shutdown.
[[0;32m  OK  [0m] Stopped Create Volatile Files and Directories.
[[0;32m  OK  [0m] Stopped target Local File Systems.
         Unmounting /run/user/1000...
[[0;32m  OK  [0m] Unmounted /run/user/1000.
[[0;32m  OK  [0m] Reached target Unmount All Filesystems.
[[0;32m  OK  [0m] Stopped target Local File Systems (Pre).
         Stopping Monitoring of LVM2 mirrors…ng dmeventd or progress polling...
[[0;32m  OK  [0m] Stopped Remount Root and Kernel File Systems.
[[0;32m  OK  [0m] Stopped Create Static Device Nodes in /dev.
[[0;32m  OK  [0m] Stopped target Swap.
[[0;32m  OK  [0m] Reached target Shutdown.
[[0;32m  OK  [0m] Reached target Final Step.
         Starting Reboot...
[[0;32m  OK  [0m] Stopped Monitoring of LVM2 mirrors,…sing dmeventd or progress polling.
         Stopping LVM2 metadata daemon...
[  174.812022] reboot: Restarting system
[    0.000000] Linux version 4.15.0-66-generic (buildd@lgw01-amd64-044) (gcc version 7.4.0 (Ubuntu 7.4.0-1ubuntu1~18.04.1)) #75-Ubuntu SMP Tue Oct 1 05:24:09 UTC 2019 (Ubuntu 4.15.0-66.75-generic 4.15.18)
[    0.000000] Command line: placeholder root=UUID=98285d8a-a678-4601-9516-53cb704d22bf ro console=tty1 console=ttyS0
[    0.000000] KERNEL supported cpus:
[    0.000000]   Intel GenuineIntel
[    0.000000]   AMD AuthenticAMD
[    0.000000]   Centaur CentaurHauls
[    0.000000] x86/fpu: Supporting XSAVE feature 0x001: 'x87 floating point registers'
[    0.000000] x86/fpu: Supporting XSAVE feature 0x002: 'SSE registers'
[    0.000000] x86/fpu: Supporting XSAVE feature 0x004: 'AVX registers'
[    0.000000] x86/fpu: xstate_offset[2]:  576, xstate_sizes[2]:  256
[    0.000000] x86/fpu: Enabled xstate features 0x7, context size is 832 bytes, using 'standard' format.
[    0.000000] Released 0 page(s)
[    0.000000] e820: BIOS-provided physical RAM map:
[    0.000000] Xen: [mem 0x0000000000000000-0x000000000009efff] usable
[    0.000000] Xen: [mem 0x000000000009fc00-0x00000000000fffff] reserved
[    0.000000] Xen: [mem 0x0000000000100000-0x000000007ffeffff] usable
[    0.000000] Xen: [mem 0x000000007fff0000-0x000000007fffffff] ACPI data
[    0.000000] Xen: [mem 0x00000000fec00000-0x00000000fec00fff] reserved
[    0.000000] Xen: [mem 0x00000000fee00000-0x00000000feefffff] reserved
[    0.000000] Xen: [mem 0x00000000fffc0000-0x00000000ffffffff] reserved
[    0.000000] NX (Execute Disable) protection: active
[    0.000000] SMBIOS 2.5 present.
[    0.000000] DMI: innotek GmbH VirtualBox/VirtualBox, BIOS VirtualBox 12/01/2006
[    0.000000] Hypervisor detected: Xen PV
[    0.000000] e820: last_pfn = 0x7fff0 max_arch_pfn = 0x400000000
[    0.000000] MTRR: Disabled
[    0.000000] x86/PAT: MTRRs disabled, skipping PAT initialization too.
[    0.000000] x86/PAT: Configuration [0-7]: WB  WT  UC- UC  WC  WP  UC  UC  
[    0.000000] Scanning 1 areas for low memory corruption
[    0.000000] Kernel/User page tables isolation: disabled on XEN PV.
[    0.000000] RAMDISK: [mem 0x04000000-0x0533cfff]
[    0.000000] ACPI: Early table checksum verification disabled
[    0.000000] ACPI: RSDP 0x00000000000E0000 000024 (v02 VBOX  )
[    0.000000] ACPI: XSDT 0x000000007FFF0030 00003C (v01 VBOX   VBOXXSDT 00000001 ASL  00000061)
[    0.000000] ACPI: FACP 0x000000007FFF00F0 0000F4 (v04 VBOX   VBOXFACP 00000001 ASL  00000061)
[    0.000000] ACPI: DSDT 0x000000007FFF0470 0022EA (v02 VBOX   VBOXBIOS 00000002 INTL 20100528)
[    0.000000] ACPI: FACS 0x000000007FFF0200 000040
[    0.000000] ACPI: FACS 0x000000007FFF0200 000040
[    0.000000] ACPI: APIC 0x000000007FFF0240 00005C (v02 VBOX   VBOXAPIC 00000001 ASL  00000061)
[    0.000000] ACPI: SSDT 0x000000007FFF02A0 0001CC (v01 VBOX   VBOXCPUT 00000002 INTL 20100528)
[    0.000000] Setting APIC routing to Xen PV.
[    0.000000] NUMA turned off
[    0.000000] Faking a node at [mem 0x0000000000000000-0x000000007ffeffff]
[    0.000000] NODE_DATA(0) allocated [mem 0x7668a000-0x766b4fff]
[    0.000000] tsc: Unable to calibrate against PIT
[    0.000000] tsc: No reference (HPET/PMTIMER) available
[    0.000000] Zone ranges:
[    0.000000]   DMA      [mem 0x0000000000001000-0x0000000000ffffff]
[    0.000000]   DMA32    [mem 0x0000000001000000-0x000000007ffeffff]
[    0.000000]   Normal   empty
[    0.000000]   Device   empty
[    0.000000] Movable zone start for each node
[    0.000000] Early memory node ranges
[    0.000000]   node   0: [mem 0x0000000000001000-0x000000000009efff]
[    0.000000]   node   0: [mem 0x0000000000100000-0x000000007ffeffff]
[    0.000000] Reserved but unavailable: 1 pages
[    0.000000] Initmem setup node 0 [mem 0x0000000000001000-0x000000007ffeffff]
[    0.000000] p2m virtual area at         (ptrval), size is 40000000
[    0.000000] Remapped 97 page(s)
[    0.000000] ACPI: PM-Timer IO Port: 0x4008
[    0.000000] IOAPIC[0]: apic_id 2, version 32, address 0xfec00000, GSI 0-23
[    0.000000] ACPI: INT_SRC_OVR (bus 0 bus_irq 0 global_irq 2 dfl dfl)
[    0.000000] ACPI: INT_SRC_OVR (bus 0 bus_irq 9 global_irq 9 low level)
[    0.000000] Using ACPI (MADT) for SMP configuration information
[    0.000000] smpboot: Allowing 2 CPUs, 0 hotplug CPUs
[    0.000000] PM: Registered nosave memory: [mem 0x00000000-0x00000fff]
[    0.000000] PM: Registered nosave memory: [mem 0x0009f000-0x0009ffff]
[    0.000000] PM: Registered nosave memory: [mem 0x000a0000-0x000fffff]
[    0.000000] e820: [mem 0x80000000-0xfebfffff] available for PCI devices
[    0.000000] Booting paravirtualized kernel on Xen
[    0.000000] Xen version: 4.9.2 (preserve-AD)
[    0.000000] clocksource: refined-jiffies: mask: 0xffffffff max_cycles: 0xffffffff, max_idle_ns: 7645519600211568 ns
[    0.000000] random: get_random_bytes called from start_kernel+0x99/0x4fd with crng_init=0
[    0.000000] setup_percpu: NR_CPUS:8192 nr_cpumask_bits:2 nr_cpu_ids:2 nr_node_ids:1
[    0.000000] percpu: Embedded 46 pages/cpu s151552 r8192 d28672 u1048576
[    0.000000] PV qspinlock hash table entries: 256 (order: 0, 4096 bytes)
[    0.000000] Built 1 zonelists, mobility grouping on.  Total pages: 515961
[    0.000000] Policy zone: DMA32
[    0.000000] Kernel command line: placeholder root=UUID=98285d8a-a678-4601-9516-53cb704d22bf ro console=tty1 console=ttyS0
[    0.000000] software IO TLB: mapped [mem 0x6fa00000-0x73a00000] (64MB)
[    0.000000] Memory: 1784836K/2096696K available (12300K kernel code, 2481K rwdata, 4260K rodata, 2436K init, 2388K bss, 311860K reserved, 0K cma-reserved)
[    0.000000] SLUB: HWalign=64, Order=0-3, MinObjects=0, CPUs=2, Nodes=1
[    0.000000] ftrace: allocating 39306 entries in 154 pages
[    0.004000] Hierarchical RCU implementation.
[    0.004000] 	RCU restricting CPUs from NR_CPUS=8192 to nr_cpu_ids=2.
[    0.004000] 	Tasks RCU enabled.
[    0.004000] RCU: Adjusting geometry for rcu_fanout_leaf=16, nr_cpu_ids=2
[    0.004000] Using NULL legacy PIC
[    0.004000] NR_IRQS: 524544, nr_irqs: 440, preallocated irqs: 0
[    0.004000] xen:events: Using FIFO-based ABI
[    0.004000] Console: colour VGA+ 80x25
[    0.004000] console [tty1] enabled
[    0.004000] console [ttyS0] enabled
[    0.004000] ACPI: Core revision 20170831
[    0.004000] ACPI: 2 ACPI AML tables successfully acquired and loaded
[    0.004000] clocksource: xen: mask: 0xffffffffffffffff max_cycles: 0x1cd42e4dffb, max_idle_ns: 881590591483 ns
[    0.004000] installing Xen timer for CPU 0
[    0.004000] tsc: Unable to calibrate against PIT
[    0.004000] tsc: HPET/PMTIMER calibration failed
[    0.004000] tsc: Detected 2904.006 MHz processor
[    0.004105] Calibrating delay loop (skipped), value calculated using timer frequency.. 5808.01 BogoMIPS (lpj=11616024)
[    0.007222] pid_max: default: 32768 minimum: 301
[    0.008169] Security Framework initialized
[    0.009408] Yama: becoming mindful.
[    0.010769] AppArmor: AppArmor initialized
[    0.013799] Dentry cache hash table entries: 262144 (order: 9, 2097152 bytes)
[    0.016907] Inode-cache hash table entries: 131072 (order: 8, 1048576 bytes)
[    0.018886] Mount-cache hash table entries: 4096 (order: 3, 32768 bytes)
[    0.020062] Mountpoint-cache hash table entries: 4096 (order: 3, 32768 bytes)
[    0.023570] Last level iTLB entries: 4KB 64, 2MB 8, 4MB 8
[    0.024015] Last level dTLB entries: 4KB 64, 2MB 0, 4MB 0, 1GB 4
[    0.025677] Spectre V1 : Mitigation: usercopy/swapgs barriers and __user pointer sanitization
[    0.028020] Spectre V2 : Mitigation: Full generic retpoline
[    0.029611] Spectre V2 : Spectre v2 / SpectreRSB mitigation: Filling RSB on context switch
[    0.032014] Speculative Store Bypass: Vulnerable
[    0.034166] MDS: Vulnerable: Clear CPU buffers attempted, no microcode
[    0.036172] Freeing SMP alternatives memory: 36K
[    0.039233] cpu 0 spinlock event irq 25
[    0.040028] VPMU disabled by hypervisor.
[    0.041503] Performance Events: unsupported p6 CPU model 158 no PMU driver, software events only.
[    0.044118] Hierarchical SRCU implementation.
[    0.046308] NMI watchdog: Perf event create on CPU 0 failed with -2
[    0.048000] NMI watchdog: Perf NMI watchdog permanently disabled
[    0.050163] smp: Bringing up secondary CPUs ...
[    0.051894] installing Xen timer for CPU 1
[    0.052894] cpu 1 spinlock event irq 37
[    0.054084] smp: Brought up 1 node, 2 CPUs
[    0.056038] smpboot: Max logical packages: 1
[    0.057598] devtmpfs: initialized
[    0.057598] x86/mm: Memory block size: 128MB
[    0.060221] evm: security.selinux
[    0.061257] evm: security.SMACK64
[    0.062284] evm: security.SMACK64EXEC
[    0.063398] evm: security.SMACK64TRANSMUTE
[    0.064022] evm: security.SMACK64MMAP
[    0.065140] evm: security.apparmor
[    0.066186] evm: security.ima
[    0.067163] evm: security.capability
[    0.068281] clocksource: jiffies: mask: 0xffffffff max_cycles: 0xffffffff, max_idle_ns: 7645041785100000 ns
[    0.070810] futex hash table entries: 512 (order: 3, 32768 bytes)
[    0.072201] pinctrl core: initialized pinctrl subsystem
[    0.073859] RTC time: 15:07:08, date: 11/09/19
[    0.075434] NET: Registered protocol family 16
[    0.076046] xen:grant_table: Grant tables using version 1 layout
[    0.077837] Grant table initialized
[    0.079086] audit: initializing netlink subsys (disabled)
[    0.080105] audit: type=2000 audit(1573312029.369:1): state=initialized audit_enabled=0 res=1
[    0.080577] ACPI: bus type PCI registered
[    0.084020] acpiphp: ACPI Hot Plug PCI Controller Driver version: 0.5
[    0.084223] PCI: Using configuration type 1 for base access
[    0.088856] ACPI: Added _OSI(Module Device)
[    0.089603] ACPI: Added _OSI(Processor Device)
[    0.090928] ACPI: Added _OSI(3.0 _SCP Extensions)
[    0.092032] ACPI: Added _OSI(Processor Aggregator Device)
[    0.093610] ACPI: Added _OSI(Linux-Dell-Video)
[    0.094727] ACPI: Added _OSI(Linux-Lenovo-NV-HDMI-Audio)
[    0.100021] ACPI: Added _OSI(Linux-HPI-Hybrid-Graphics)
[    0.102030] ACPI: Executed 1 blocks of module-level executable AML code
[    0.106911] ACPI: Interpreter enabled
[    0.108057] ACPI: (supports S0 S5)
[    0.109120] ACPI: Using IOAPIC for interrupt routing
[    0.110808] PCI: Using host bridge windows from ACPI; if necessary, use "pci=nocrs" and report a bug
[    0.112236] ACPI: Enabled 2 GPEs in block 00 to 07
[    0.120960] ACPI: PCI Root Bridge [PCI0] (domain 0000 [bus 00-ff])
[    0.123158] acpi PNP0A03:00: _OSC: OS supports [ASPM ClockPM Segments MSI]
[    0.124486] acpi PNP0A03:00: _OSC: not requesting OS control; OS requires [ExtendedConfig ASPM ClockPM MSI]
[    0.127433] acpi PNP0A03:00: fail to add MMCONFIG information, can't access extended PCI configuration space under this bridge.
[    0.132531] PCI host bridge to bus 0000:00
[    0.133794] pci_bus 0000:00: root bus resource [io  0x0000-0x0cf7 window]
[    0.135531] pci_bus 0000:00: root bus resource [io  0x0d00-0xffff window]
[    0.136022] pci_bus 0000:00: root bus resource [mem 0x000a0000-0x000bffff window]
[    0.138408] pci_bus 0000:00: root bus resource [mem 0x80000000-0xfdffffff window]
[    0.140016] pci_bus 0000:00: root bus resource [bus 00-ff]
[    0.145698] pci 0000:00:01.1: legacy IDE quirk: reg 0x10: [io  0x01f0-0x01f7]
[    0.152024] pci 0000:00:01.1: legacy IDE quirk: reg 0x14: [io  0x03f6]
[    0.153905] pci 0000:00:01.1: legacy IDE quirk: reg 0x18: [io  0x0170-0x0177]
[    0.155662] pci 0000:00:01.1: legacy IDE quirk: reg 0x1c: [io  0x0376]
[    0.175791] pci 0000:00:07.0: quirk: [io  0x4000-0x403f] claimed by PIIX4 ACPI
[    0.176000] pci 0000:00:07.0: quirk: [io  0x4100-0x410f] claimed by PIIX4 SMB
[    0.191325] ACPI: PCI Interrupt Link [LNKA] (IRQs 5 9 10 *11)
[    0.192382] ACPI: PCI Interrupt Link [LNKB] (IRQs 5 9 *10 11)
[    0.194414] ACPI: PCI Interrupt Link [LNKC] (IRQs 5 *9 10 11)
[    0.196206] ACPI: PCI Interrupt Link [LNKD] (IRQs 5 9 10 *11)
[    0.198097] xen:balloon: Initialising balloon driver
[    0.201589] SCSI subsystem initialized
[    0.204193] pci 0000:00:02.0: vgaarb: setting as boot VGA device
[    0.206381] pci 0000:00:02.0: vgaarb: VGA device added: decodes=io+mem,owns=io+mem,locks=none
[    0.208055] pci 0000:00:02.0: vgaarb: bridge control possible
[    0.209764] vgaarb: loaded
[    0.210687] ACPI: bus type USB registered
[    0.212037] usbcore: registered new interface driver usbfs
[    0.213706] usbcore: registered new interface driver hub
[    0.216020] usbcore: registered new device driver usb
[    0.216151] EDAC MC: Ver: 3.0.0
[    0.220169] PCI: Using ACPI for IRQ routing
[    0.221748] NetLabel: Initializing
[    0.221748] NetLabel:  domain hash size = 128
[    0.222593] NetLabel:  protocols = UNLABELED CIPSOv4 CALIPSO
[    0.224036] NetLabel:  unlabeled traffic allowed by default
[    0.228043] clocksource: Switched to clocksource xen
[    0.239845] VFS: Disk quotas dquot_6.6.0
[    0.241778] VFS: Dquot-cache hash table entries: 512 (order 0, 4096 bytes)
[    0.244626] hugetlbfs: disabling because there are no supported hugepage sizes
[    0.246813] AppArmor: AppArmor Filesystem Enabled
[    0.248073] pnp: PnP ACPI init
[    0.250640] pnp: PnP ACPI: found 3 devices
[    0.262993] random: fast init done
[    0.303945] PM-Timer failed consistency check  (0xffffff) - aborting.
[    0.307468] NET: Registered protocol family 2
[    0.309045] TCP established hash table entries: 16384 (order: 5, 131072 bytes)
[    0.311364] TCP bind hash table entries: 16384 (order: 6, 262144 bytes)
[    0.313244] TCP: Hash tables configured (established 16384 bind 16384)
[    0.315471] UDP hash table entries: 1024 (order: 3, 32768 bytes)
[    0.317325] UDP-Lite hash table entries: 1024 (order: 3, 32768 bytes)
[    0.319206] NET: Registered protocol family 1
[    0.320626] pci 0000:00:00.0: Limiting direct PCI/PCI transfers
[    0.322322] pci 0000:00:01.0: Activating ISA DMA hang workarounds
[    0.324187] pci 0000:00:02.0: Video device with shadowed ROM at [mem 0x000c0000-0x000dffff]
[    0.326912] Unpacking initramfs...
[    0.552807] Freeing initrd memory: 19700K
[    0.555266] platform rtc_cmos: registered platform RTC device (no PNP device found)
[    0.557682] Scanning for low memory corruption every 60 seconds
[    0.560544] Initialise system trusted keyrings
[    0.561850] Key type blacklist registered
[    0.563303] workingset: timestamp_bits=36 max_order=19 bucket_order=0
[    0.566142] zbud: loaded
[    0.567787] squashfs: version 4.0 (2009/01/31) Phillip Lougher
[    0.570014] fuse init (API version 7.26)
[    0.585387] Key type asymmetric registered
[    0.586691] Asymmetric key parser 'x509' registered
[    0.588081] Block layer SCSI generic (bsg) driver version 0.4 loaded (major 246)
[    0.590445] io scheduler noop registered
[    0.591662] io scheduler deadline registered
[    0.593832] io scheduler cfq registered (default)
[    0.596111] ACPI: AC Adapter [AC] (on-line)
[    0.597452] input: Power Button as /devices/LNXSYSTM:00/LNXPWRBN:00/input/input0
[    0.599792] ACPI: Power Button [PWRF]
[    0.601573] input: Sleep Button as /devices/LNXSYSTM:00/LNXSLPBN:00/input/input1
[    0.604841] ACPI: Sleep Button [SLPF]
[    0.607840] ACPI: Battery Slot [BAT0] (battery present)
[    0.610514] xen_mcelog: /dev/mcelog registered by Xen
[    0.613596] Serial: 8250/16550 driver, 32 ports, IRQ sharing enabled
[    0.637860] 00:02: ttyS0 at I/O 0x3f8 (irq = 4, base_baud = 115200) is a 16550A
[    0.648734] Linux agpgart interface v0.103
[    0.653010] loop: module loaded
[    0.654004] Invalid max_queues (4), will use default max: 2.
[    0.656737] scsi host0: ata_piix
[    0.658285] scsi host1: ata_piix
[    0.659346] ata1: PATA max UDMA/33 cmd 0x1f0 ctl 0x3f6 bmdma 0xd000 irq 14
[    0.661478] ata2: PATA max UDMA/33 cmd 0x170 ctl 0x376 bmdma 0xd008 irq 15
[    0.663620] libphy: Fixed MDIO Bus: probed
[    0.665067] tun: Universal TUN/TAP device driver, 1.6
[    0.666823] PPP generic driver version 2.4.2
[    0.668296] xen_netfront: Initialising Xen virtual ethernet driver
[    0.670343] ehci_hcd: USB 2.0 'Enhanced' Host Controller (EHCI) Driver
[    0.672002] ehci-pci: EHCI PCI platform driver
[    0.673476] ehci-platform: EHCI generic platform driver
[    0.675536] ohci_hcd: USB 1.1 'Open' Host Controller (OHCI) Driver
[    0.677642] ohci-pci: OHCI PCI platform driver
[    0.679172] ohci-platform: OHCI generic platform driver
[    0.680924] uhci_hcd: USB Universal Host Controller Interface driver
[    0.682838] i8042: PNP: PS/2 Controller [PNP0303:PS2K,PNP0f03:PS2M] at 0x60,0x64 irq 1,12
[    0.686250] serio: i8042 KBD port at 0x60,0x64 irq 1
[    0.687817] serio: i8042 AUX port at 0x60,0x64 irq 12
[    0.689801] mousedev: PS/2 mouse device common for all mice
[    0.692999] input: AT Translated Set 2 keyboard as /devices/platform/i8042/serio0/input/input2
[    0.693420] rtc_cmos rtc_cmos: rtc core: registered rtc_cmos as rtc0
[    0.698325] rtc_cmos rtc_cmos: alarms up to one day, 114 bytes nvram
[    0.700417] i2c /dev entries driver
[    0.701545] device-mapper: uevent: version 1.0.3
[    0.703082] device-mapper: ioctl: 4.37.0-ioctl (2017-09-20) initialised: dm-devel@redhat.com
[    0.706609] ledtrig-cpu: registered to indicate activity on CPUs
[    0.709864] NET: Registered protocol family 10
[    0.736821] Segment Routing with IPv6
[    0.738461] NET: Registered protocol family 17
[    0.740111] Key type dns_resolver registered
[    0.741699] dev_mcelog: Unable to init device /dev/mcelog, already registered
[    0.741718] mce: Using 2 MCE banks
[    0.744870] RAS: Correctable Errors collector initialized.
[    0.746959] sched_clock: Marking stable (744836901, 0)->(4381711059, -3636874158)
[    0.751562] registered taskstats version 1
[    0.753585] Loading compiled-in X.509 certificates
[    0.768181] Loaded X.509 cert 'Build time autogenerated kernel key: 01a66adcc10ca4ce7676a3458c33483b0e2b806e'
[    0.771363] zswap: loaded using pool lzo/zbud
[    0.797533] Key type big_key registered
[    0.799320] Key type trusted registered
[    0.813579] Key type encrypted registered
[    0.814884] AppArmor: AppArmor sha1 policy hashing enabled
[    0.816927] ima: No TPM chip found, activating TPM-bypass! (rc=-19)
[    0.818794] ima: Allocated hash algorithm: sha1
[    0.820002] evm: HMAC attrs: 0x1
[    0.821575]   Magic number: 11:362:133
[    0.822983] rtc_cmos rtc_cmos: setting system clock to 2019-11-09 15:07:09 UTC (1573312029)
[    0.826131] BIOS EDD facility v0.16 2004-Jun-25, 3 devices found
[    0.832002] Freeing unused kernel image memory: 2436K
[    0.845363] Write protecting the kernel read-only data: 20480k
[    0.887629] Freeing unused kernel image memory: 2008K
[    0.892414] Freeing unused kernel image memory: 1884K
[    0.894590] ------------[ cut here ]------------
[    0.896351] x86/mm: Found insecure W+X mapping at address 0xffff888000000000
[    0.898364] WARNING: CPU: 0 PID: 1 at /build/linux-WKYm23/linux-4.15.0/arch/x86/mm/dump_pagetables.c:257 note_page+0x56c/0x820
[    0.901659] Modules linked in:
[    0.902961] CPU: 0 PID: 1 Comm: swapper/0 Not tainted 4.15.0-66-generic #75-Ubuntu
[    0.905212] Hardware name: innotek GmbH VirtualBox/VirtualBox, BIOS VirtualBox 12/01/2006
[    0.907628] RIP: e030:note_page+0x56c/0x820
[    0.909059] RSP: e02b:ffffc9004031fe00 EFLAGS: 00010286
[    0.910889] RAX: 0000000000000000 RBX: ffffc9004031fe90 RCX: ffffffff82463a28
[    0.912953] RDX: 0000000000000001 RSI: 0000000000000001 RDI: 0000000000000201
[    0.915183] RBP: ffffc9004031fe38 R08: 000000000000017f R09: 0000000000000000
[    0.917219] R10: 0000000000000001 R11: ffffffff8152e9e0 R12: 0010000000000067
[    0.919276] R13: 0000000000000005 R14: 0000000000000000 R15: 0000888000000000
[    0.921305] FS:  0000000000000000(0000) GS:ffff888075c00000(0000) knlGS:0000000000000000
[    0.923627] CS:  e033 DS: 0000 ES: 0000 CR0: 0000000080050033
[    0.925420] CR2: 00007f00b65be095 CR3: 000000000240a000 CR4: 0000000000040620
[    0.927478] Call Trace:
[    0.928325]  ptdump_walk_pgd_level_core+0x412/0x4a0
[    0.930191]  ? 0xffffffff81000000
[    0.931268]  ptdump_walk_pgd_level_checkwx+0x19/0x20
[    0.932539]  mark_rodata_ro+0xb9/0xc0
[    0.934469]  ? rest_init+0xb0/0xb0
[    0.936243]  kernel_init+0x34/0x110
[    0.937343]  ret_from_fork+0x35/0x40
[    0.938430] Code: fe ff ff 48 83 c0 18 48 c7 43 28 00 00 00 00 48 89 43 20 e9 c2 fc ff ff 48 c7 c7 00 85 0c 82 c6 05 c8 1b 59 01 01 e8 c4 f5 00 00 <0f> 0b 4c 8b 4b 18 e9 3c fb ff ff 48 8b 35 da a5 3b 01 48 c7 c7 
[    0.943374] ---[ end trace 703adf48845fb11f ]---
[    0.952580] x86/mm: Checked W+X mappings: FAILED, 5017 W+X pages found.
Loading, please wait...
starting version 237
[    1.060952] random: systemd-udevd: uninitialized urandom read (16 bytes read)
[    1.064002] random: systemd-udevd: uninitialized urandom read (16 bytes read)
[    1.066895] random: udevadm: uninitialized urandom read (16 bytes read)
[    1.337680] e1000: Intel(R) PRO/1000 Network Driver - version 7.3.21-k8-NAPI
[    1.340642] e1000: Copyright (c) 1999-2006 Intel Corporation.
[    1.342865] Fusion MPT base driver 3.04.20
[    1.344511] Copyright (c) 1999-2008 LSI Corporation
[    1.352190] Fusion MPT SPI Host driver 3.04.20
[    1.375487] vboxvideo: loading out-of-tree module taints kernel.
[    1.379057] vboxvideo: module verification failed: signature and/or required key missing - tainting kernel
[    1.405742] AVX2 version of gcm_enc/dec engaged.
[    1.408074] AES CTR mode by8 optimization enabled
[    1.571383] clocksource: tsc: mask: 0xffffffffffffffff max_cycles: 0x29dc0b74fd3, max_idle_ns: 440795242287 ns
[    1.583228] input: ImExPS/2 Generic Explorer Mouse as /devices/platform/i8042/serio1/input/input4
[    1.858830] e1000 0000:00:03.0 eth0: (PCI:33MHz:32-bit) 02:7c:06:17:a1:8b
[    1.861313] e1000 0000:00:03.0 eth0: Intel(R) PRO/1000 Network Connection
[    1.865106] mptbase: ioc0: Initiating bringup
[    1.867556] e1000 0000:00:03.0 enp0s3: renamed from eth0
[    1.966082] ioc0: LSI53C1030 A0: Capabilities={Initiator}
[    2.229078] scsi host2: ioc0: LSI53C1030 A0, FwRev=00000000h, Ports=1, MaxQ=256, IRQ=20
[    2.443799] scsi 2:0:0:0: Direct-Access     VBOX     HARDDISK         1.0  PQ: 0 ANSI: 5
[    2.447743] [drm] VRAM 01000000
[    2.449861] [TTM] Zone  kernel: Available graphics memory: 905450 kiB
[    2.452157] [TTM] Initializing pool allocator
[    2.454232] [TTM] Initializing DMA pool allocator
[    2.464440] fbcon: vboxdrmfb (fb0) is primary device
[    2.466231] Console: switching to colour frame buffer device 100x37
[    2.470732] vboxvideo 0000:00:02.0: fb0: vboxdrmfb frame buffer device
[    2.472077] scsi target2:0:0: Beginning Domain Validation
[    2.475549] scsi target2:0:0: Domain Validation skipping write tests
[    2.477278] scsi target2:0:0: Ending Domain Validation
[    2.478685] scsi target2:0:0: asynchronous
[    2.480401] scsi 2:0:1:0: Direct-Access     VBOX     HARDDISK         1.0  PQ: 0 ANSI: 5
[    2.484146] [drm] Initialized vboxvideo 1.0.0 20130823 for 0000:00:02.0 on minor 0
[    2.524680] scsi target2:0:1: Beginning Domain Validation
[    2.528633] scsi target2:0:1: Domain Validation skipping write tests
[    2.530337] scsi target2:0:1: Ending Domain Validation
[    2.531821] scsi target2:0:1: asynchronous
[    2.533691] scsi 2:0:2:0: Direct-Access     VBOX     HARDDISK         1.0  PQ: 0 ANSI: 5
[    2.568124] scsi target2:0:2: Beginning Domain Validation
[    2.572391] scsi target2:0:2: Domain Validation skipping write tests
[    2.574601] scsi target2:0:2: Ending Domain Validation
[    2.576431] scsi target2:0:2: asynchronous
[    2.585626] sd 2:0:0:0: Attached scsi generic sg0 type 0
[    2.586851] sd 2:0:0:0: [sda] 41943040 512-byte logical blocks: (21.5 GB/20.0 GiB)
[    2.587741] sd 2:0:1:0: Attached scsi generic sg1 type 0
[    2.591103] sd 2:0:1:0: [sdb] 20480 512-byte logical blocks: (10.5 MB/10.0 MiB)
[    2.591540] sd 2:0:2:0: Attached scsi generic sg2 type 0
[    2.594733] sd 2:0:0:0: [sda] Write Protect is off
[    2.597033] sd 2:0:1:0: [sdb] Write Protect is off
[    2.598928] sd 2:0:2:0: [sdc] 104857600 512-byte logical blocks: (53.7 GB/50.0 GiB)
[    2.599168] sd 2:0:1:0: [sdb] Incomplete mode parameter data
[    2.605336] sd 2:0:1:0: [sdb] Assuming drive cache: write through
[    2.605365] sd 2:0:2:0: [sdc] Write Protect is off
[    2.607335] sd 2:0:0:0: [sda] Incomplete mode parameter data
[    2.610984] sd 2:0:0:0: [sda] Assuming drive cache: write through
[    2.612999] clocksource: Switched to clocksource tsc
[    2.614656] sd 2:0:2:0: [sdc] Incomplete mode parameter data
[    2.617077] sd 2:0:2:0: [sdc] Assuming drive cache: write through
[    2.618290]  sda: sda1
[    2.621905] sd 2:0:1:0: [sdb] Attached SCSI disk
[    2.624107] sd 2:0:0:0: [sda] Attached SCSI disk
[    2.626572] sd 2:0:2:0: [sdc] Attached SCSI disk
Begin: Loading essential drivers ... [    3.212647] raid6: sse2x1   gen() 10981 MB/s
[    3.260079] raid6: sse2x1   xor()  8734 MB/s
[    3.308074] raid6: sse2x2   gen() 14851 MB/s
[    3.356079] raid6: sse2x2   xor() 10263 MB/s
[    3.404082] raid6: sse2x4   gen() 16775 MB/s
[    3.452815] raid6: sse2x4   xor() 11410 MB/s
[    3.501237] raid6: avx2x1   gen() 23548 MB/s
[    3.548109] raid6: avx2x1   xor() 15616 MB/s
[    3.596135] raid6: avx2x2   gen() 27842 MB/s
[    3.644016] raid6: avx2x2   xor() 15930 MB/s
[    3.692102] raid6: avx2x4   gen() 30613 MB/s
[    3.741038] raid6: avx2x4   xor() 20568 MB/s
[    3.742983] raid6: using algorithm avx2x4 gen() 30613 MB/s
[    3.744691] raid6: .... xor() 20568 MB/s, rmw enabled
[    3.746151] raid6: using avx2x2 recovery algorithm
[    3.749414] xor: automatically using best checksumming function   avx       
[    3.752641] async_tx: api initialized (async)
done.
Begin: Running /scripts/init-premount ... done.
Begin: Mounting root file system ... Begin: Running /scripts/local-top ... done.
Begin: Running /scripts/local-premount ... [    3.928959] Btrfs loaded, crc32c=crc32c-intel
Scanning for Btrfs filesystems
[    3.988145] random: crng init done
[    3.989929] random: 7 urandom warning(s) missed due to ratelimiting
done.
Warning: fsck not present, so skipping root file system
[    4.082243] EXT4-fs (sda1): mounted filesystem with ordered data mode. Opts: (null)
done.
Begin: Running /scripts/local-bottom ... done.
Begin: Running /scripts/init-bottom ... done.
[    4.426402] ip_tables: (C) 2000-2006 Netfilter Core Team
[    4.447724] systemd[1]: systemd 237 running in system mode. (+PAM +AUDIT +SELINUX +IMA +APPARMOR +SMACK +SYSVINIT +UTMP +LIBCRYPTSETUP +GCRYPT +GNUTLS +ACL +XZ +LZ4 +SECCOMP +BLKID +ELFUTILS +KMOD -IDN2 +IDN -PCRE2 default-hierarchy=hybrid)
[    4.454404] systemd[1]: Detected virtualization oracle.
[    4.456096] systemd[1]: Detected architecture x86-64.

Welcome to [1mUbuntu 18.04.3 LTS[0m!

[    4.479364] systemd[1]: Set hostname to <ubuntu-bionic>.
[    5.142518] systemd[1]: Reached target Swap.
[[0;32m  OK  [0m] Reached target Swap.
[    5.153872] systemd[1]: Created slice System Slice.
[[0;32m  OK  [0m] Created slice System Slice.
[    5.157057] systemd[1]: Listening on udev Kernel Socket.
[[0;32m  OK  [0m] Listening on udev Kernel Socket.
[    5.161236] systemd[1]: Listening on Device-mapper event daemon FIFOs.
[[0;32m  OK  [0m] Listening on Device-mapper event daemon FIFOs.
[    5.165580] systemd[1]: Listening on udev Control Socket.
[[0;32m  OK  [0m] Listening on udev Control Socket.
[    5.169175] systemd[1]: Listening on Syslog Socket.
[[0;32m  OK  [0m] Listening on Syslog Socket.
[[0;32m  OK  [0m] Listening on Journal Socket (/dev/log).
[[0;32m  OK  [0m] Listening on LVM2 metadata daemon socket.
[[0;32m  OK  [0m] Set up automount Arbitrary Executab…rmats File System Automount Point.
[[0;32m  OK  [0m] Started Forward Password Requests to Wall Directory Watch.
[[0;32m  OK  [0m] Created slice system-serial\x2dgetty.slice.
[[0;32m  OK  [0m] Listening on Network Service Netlink Socket.
[[0;32m  OK  [0m] Created slice User and Session Slice.
[[0;32m  OK  [0m] Reached target Slices.
[[0;32m  OK  [0m] Reached target System Time Synchronized.
[[0;32m  OK  [0m] Listening on LVM2 poll daemon socket.
[[0;32m  OK  [0m] Reached target User and Group Name Lookups.
[[0;32m  OK  [0m] Listening on Journal Socket.
         Starting Set the console keyboard layout...
         Starting Uncomplicated firewall...
         Starting udev Coldplug all Devices...
         Starting Monitoring of LVM2 mirrors…ng dmeventd or progress polling...
         Starting Remount Root and Kernel File Systems...
         Starting Load Kernel Modules...
         Mounting Kernel Debug File System...
         Mounting POSIX Message Queue File System...
         Starting Create list of required st…ce nodes for the current kernel...
[[0;32m  OK  [0m] Listening on /dev/initctl Compatibility Named Pipe.
[[0;32m  OK  [0m] Listening on Journal Audit Socket.
         Starting Journal Service...
[[0;32m  OK  [0m] Started Uncomplicated firewall.
[[0;32m  OK  [0m] Mounted Kernel Debug File System.
[[0;32m  OK  [0m] Mounted POSIX Message Queue File System.
[[0;32m  OK  [0m] Started Create list of required sta…vice nodes for the current kernel.
[    5.435459] Loading iSCSI transport class v2.0-870.
[[0;32m  OK  [0m] Started LVM2 metadata daemon.
         Starting Create Static Device Nodes in /dev...
[    5.472314] iscsi: registered transport (tcp)
[    5.480118] EXT4-fs (sda1): re-mounted. Opts: (null)
[[0;32m  OK  [0m] Started Remount Root and Kernel File Systems.
         Starting Load/Save Random Seed...
[[0;32m  OK  [0m] Started Create Static Device Nodes in /dev.
         Starting udev Kernel Device Manager...
[[0;32m  OK  [0m] Started Load/Save Random Seed.
[[0;32m  OK  [0m] Started Monitoring of LVM2 mirrors,…sing dmeventd or progress polling.
[    5.650124] iscsi: registered transport (iser)
[[0;32m  OK  [0m] Started Load Kernel Modules.
         Starting Apply Kernel Variables...
         Mounting Kernel Configuration File System...
         Mounting FUSE Control File System...
[[0;32m  OK  [0m] Mounted Kernel Configuration File System.
[[0;32m  OK  [0m] Mounted FUSE Control File System.
[[0;32m  OK  [0m] Started udev Kernel Device Manager.
[[0;32m  OK  [0m] Started Apply Kernel Variables.
[[0;32m  OK  [0m] Started Journal Service.
         Starting Flush Journal to Persistent Storage...
[[0;32m  OK  [0m] Started udev Coldplug all Devices.
[[0;32m  OK  [0m] Started Flush Journal to Persistent Storage.
[[0;32m  OK  [0m] Started Set the console keyboard layout.
[[0;32m  OK  [0m] Reached target Local File Systems (Pre).
[[0;32m  OK  [0m] Reached target Local File Systems.
         Starting ebtables ruleset management...
         Starting Create Volatile Files and Directories...
         Starting AppArmor initialization...
         Starting Tell Plymouth To Write Out Runtime Data...
         Starting Set console font and keymap...
         Starting QEMU KVM preparation - module, ksm, hugepages...
[[0;32m  OK  [0m] Started Dispatch Password Requests to Console Directory Watch.
[[0;32m  OK  [0m] Reached target Local Encrypted Volumes.
[[0;32m  OK  [0m] Started Tell Plymouth To Write Out Runtime Data.
[[0;32m  OK  [0m] Started Set console font and keymap.
[[0;32m  OK  [0m] Started Create Volatile Files and Directories.
         Starting Update UTMP about System Boot/Shutdown...
[[0;32m  OK  [0m] Started Update UTMP about System Boot/Shutdown.
[[0;32m  OK  [0m] Started ebtables ruleset management.
[[0;32m  OK  [0m] Started QEMU KVM preparation - module, ksm, hugepages.
[[0;32m  OK  [0m] Found device /dev/ttyS0.
[[0;32m  OK  [0m] Started AppArmor initialization.
         Starting Initial cloud-init job (pre-networking)...
[[0;32m  OK  [0m] Found device /dev/hvc0.
[[0;32m  OK  [0m] Listening on Load/Save RF Kill Switch Status /dev/rfkill Watch.
[[0;32m  OK  [0m] Created slice system-lvm2\x2dpvscan.slice.
         Starting LVM2 PV scan on device 8:32...
[[0;32m  OK  [0m] Started LVM2 PV scan on device 8:32.
[   11.027782] cloud-init[564]: Cloud-init v. 19.2-36-g059d049c-0ubuntu2~18.04.1 running 'init-local' at Sat, 09 Nov 2019 15:07:18 +0000. Up 9.95 seconds.
[[0;32m  OK  [0m] Started Initial cloud-init job (pre-networking).
[[0;32m  OK  [0m] Reached target Network (Pre).
         Starting Network Service...
[[0;32m  OK  [0m] Started Network Service.
         Starting Network Name Resolution...
         Starting Wait for Network to be Configured...
[[0;32m  OK  [0m] Started Network Name Resolution.
[[0;32m  OK  [0m] Reached target Network.
[[0;32m  OK  [0m] Reached target Host and Network Name Lookups.
[[0;32m  OK  [0m] Started Wait for Network to be Configured.
         Starting Initial cloud-init job (metadata service crawler)...
[   14.906805] cloud-init[733]: Cloud-init v. 19.2-36-g059d049c-0ubuntu2~18.04.1 running 'init' at Sat, 09 Nov 2019 15:07:23 +0000. Up 14.43 seconds.
[   14.909861] cloud-init[733]: ci-info: +++++++++++++++++++++++++++++++++++++++Net device info+++++++++++++++++++++++++++++++++++++++
[   14.913060] cloud-init[733]: ci-info: +--------+------+------------------------------+---------------+--------+-------------------+
[   14.916117] cloud-init[733]: ci-info: | Device |  Up  |           Address            |      Mask     | Scope  |     Hw-Address    |
[   14.919124] cloud-init[733]: ci-info: +--------+------+------------------------------+---------------+--------+-------------------+
[   14.922334] cloud-init[733]: ci-info: | enp0s3 | True |              .               |       .       |   .    | 02:7c:06:17:a1:8b |
[   14.926039] cloud-init[733]: ci-info: |   lo   | True |          127.0.0.1           |   255.0.0.0   |  host  |         .         |
[   14.929707] cloud-init[733]: ci-info: |   lo   | True |           ::1/128            |       .       |  host  |         .         |
[   14.932912] cloud-init[733]: ci-info: | xenbr0 | True |          10.0.2.16           | 255.255.255.0 | global | 76:72:a9:6b:41:15 |
[   14.936266] cloud-init[733]: ci-info: | xenbr0 | True | fe80::7472:a9ff:fe6b:4115/64 |       .       |  link  | 76:72:a9:6b:41:15 |
[   14.938924] cloud-init[733]: ci-info: +--------+------+------------------------------+---------------+--------+-------------------+
[   14.949110] cloud-init[733]: ci-info: ++++++++++++++++++++++++++++Route IPv4 info+++++++++++++++++++++++++++++
[   14.951352] cloud-init[733]: ci-info: +-------+-------------+----------+-----------------+-----------+-------+
[   14.954161] cloud-init[733]: ci-info: | Route | Destination | Gateway  |     Genmask     | Interface | Flags |
[   14.957048] cloud-init[733]: ci-info: +-------+-------------+----------+-----------------+-----------+-------+
[   14.968605] cloud-init[733]: ci-info: |   0   |   0.0.0.0   | 10.0.2.2 |     0.0.0.0     |   xenbr0  |   UG  |
[   14.970822] cloud-init[733]: ci-info: |   1   |   10.0.2.0  | 0.0.0.0  |  255.255.255.0  |   xenbr0  |   U   |
[   14.980325] cloud-init[733]: ci-info: |   2   |   10.0.2.2  | 0.0.0.0  | 255.255.255.255 |   xenbr0  |   UH  |
[   14.992845] cloud-init[733]: ci-info: +-------+-------------+----------+-----------------+-----------+-------+
[   15.004476] cloud-init[733]: ci-info: +++++++++++++++++++Route IPv6 info+++++++++++++++++++
[   15.006709] cloud-init[733]: ci-info: +-------+-------------+---------+-----------+-------+
[   15.009172] cloud-init[733]: ci-info: | Route | Destination | Gateway | Interface | Flags |
[   15.010990] cloud-init[733]: ci-info: +-------+-------------+---------+-----------+-------+
[   15.012987] cloud-init[733]: ci-info: |   1   |  fe80::/64  |    ::   |   xenbr0  |   U   |
[   15.015583] cloud-init[733]: ci-info: |   3   |    local    |    ::   |   xenbr0  |   U   |
[   15.018004] cloud-init[733]: ci-info: |   4   |   ff00::/8  |    ::   |   xenbr0  |   U   |
[   15.020442] cloud-init[733]: ci-info: +-------+-------------+---------+-----------+-------+
[[0;32m  OK  [0m] Started Initial cloud-init job (metadata service crawler).
[[0;32m  OK  [0m] Reached target System Initialization.
[[0;32m  OK  [0m] Listening on ACPID Listen Socket.
[[0;32m  OK  [0m] Listening on Open-iSCSI iscsid Socket.
[[0;32m  OK  [0m] Listening on UUID daemon activation socket.
[[0;32m  OK  [0m] Started Message of the Day.
[[0;32m  OK  [0m] Started Discard unused blocks once a week.
[[0;32m  OK  [0m] Started Daily Cleanup of Temporary Directories.
         Starting LXD - unix socket.
[[0;32m  OK  [0m] Started Daily apt download activities.
[[0;32m  OK  [0m] Started Daily apt upgrade and clean activities.
[[0;32m  OK  [0m] Reached target Timers.
         Starting Socket activation for snappy daemon.
[[0;32m  OK  [0m] Started ACPI Events Check.
[[0;32m  OK  [0m] Reached target Paths.
[[0;32m  OK  [0m] Listening on D-Bus System Message Bus Socket.
[[0;32m  OK  [0m] Reached target Cloud-config availability.
[[0;32m  OK  [0m] Reached target Network is Online.
[[0;32m  OK  [0m] Reached target Remote File Systems (Pre).
[[0;32m  OK  [0m] Reached target Remote File Systems.
         Starting Availability of block devices...
[[0;32m  OK  [0m] Listening on LXD - unix socket.
[[0;32m  OK  [0m] Listening on Socket activation for snappy daemon.
[[0;32m  OK  [0m] Reached target Sockets.
[[0;32m  OK  [0m] Reached target Basic System.
         Starting vboxadd.service...
[[0;32m  OK  [0m] Started D-Bus System Message Bus.
[[0;32m  OK  [0m] Started FUSE filesystem for LXC.
         Starting Snappy daemon...
         Starting Permit User Sessions...
         Starting OpenBSD Secure Shell server...
         Starting LSB: Record successful boot for GRUB...
         Starting Dispatcher daemon for systemd-networkd...
[[0;32m  OK  [0m] Started Deferred execution scheduler.
         Starting System Logging Service...
         Starting LSB: automatic crash report generation...
         Starting Login Service...
[[0;32m  OK  [0m] Started Regular background program processing daemon.
         Starting Accounts Service...
         Starting LSB: Xenstore daemon...
[[0;32m  OK  [0m] Started irqbalance daemon.
         Starting LXD - container startup/shutdown...
[[0;32m  OK  [0m] Started System Logging Service.
[[0;32m  OK  [0m] Started Availability of block devices.
[[0;32m  OK  [0m] Started Permit User Sessions.
         Starting Terminate Plymouth Boot Screen...
         Starting Hold until boot process finishes up...
[[0;32m  OK  [0m] Started Terminate Plymouth Boot Screen.
[[0;32m  OK  [0m] Started Hold until boot process finishes up.
         Starting Set console scheme...
[[0;32m  OK  [0m] Started Serial Getty on ttyS0.
[[0;32m  OK  [0m] Started Serial Getty on hvc0.
[[0;32m  OK  [0m] Started Login Service.
[[0;32m  OK  [0m] Started Unattended Upgrades Shutdown.
[[0;32m  OK  [0m] Started OpenBSD Secure Shell server.
[[0;32m  OK  [0m] Started Set console scheme.
[[0;32m  OK  [0m] Created slice system-getty.slice.
[[0;32m  OK  [0m] Started Getty on tty1.
[[0;32m  OK  [0m] Reached target Login Prompts.
         Starting Authorization Manager...
[[0;32m  OK  [0m] Started LSB: Record successful boot for GRUB.
[[0;32m  OK  [0m] Started LSB: automatic crash report generation.
[[0;32m  OK  [0m] Started LXD - container startup/shutdown.
[[0;32m  OK  [0m] Started Authorization Manager.
[[0;32m  OK  [0m] Started Accounts Service.
[[0;32m  OK  [0m] Started Dispatcher daemon for systemd-networkd.
[[0;32m  OK  [0m] Started Snappy daemon.
         Starting Wait until snapd is fully seeded...
[[0;32m  OK  [0m] Started Wait until snapd is fully seeded.
         Starting Apply the settings specified in cloud-config...
[[0;32m  OK  [0m] Started LSB: Xenstore daemon.
         Starting LSB: Xen daemons...
[[0;32m  OK  [0m] Started LSB: Xen daemons.
         Starting LSB: Start/stop secondary xen domains...
[[0;32m  OK  [0m] Started LSB: Start/stop secondary xen domains.
[   19.593820] cloud-init[929]: Cloud-init v. 19.2-36-g059d049c-0ubuntu2~18.04.1 running 'modules:config' at Sat, 09 Nov 2019 15:07:27 +0000. Up 18.95 seconds.
[[0;32m  OK  [0m] Started Apply the settings specified in cloud-config.
[[0;1;31mFAILED[0m] Failed to start vboxadd.service.
See 'systemctl status vboxadd.service' for details.
         Starting vboxadd-service.service...
[[0;1;31mFAILED[0m] Failed to start vboxadd-service.service.
See 'systemctl status vboxadd-service.service' for details.
[[0;32m  OK  [0m] Reached target Multi-User System.
         Starting Execute cloud user/final scripts...
[[0;32m  OK  [0m] Reached target Graphical Interface.
         Starting Update UTMP about System Runlevel Changes...
[[0;32m  OK  [0m] Started Update UTMP about System Runlevel Changes.
[   21.724849] cloud-init[1118]: Cloud-init v. 19.2-36-g059d049c-0ubuntu2~18.04.1 running 'modules:final' at Sat, 09 Nov 2019 15:07:30 +0000. Up 21.35 seconds.
[   21.729806] cloud-init[1118]: Cloud-init v. 19.2-36-g059d049c-0ubuntu2~18.04.1 finished at Sat, 09 Nov 2019 15:07:30 +0000. Datasource DataSourceNoCloud [seed=/dev/sdb][dsmode=net].  Up 21.71 seconds

Ubuntu 18.04.3 LTS ubuntu-bionic ttyS0

ubuntu-bionic login: 